[D][21:02:07]Root WebApplicationContext: initialization started
[D][21:02:07]Adding [servletConfigInitParams] PropertySource with lowest search precedence
[D][21:02:07]Adding [servletContextInitParams] PropertySource with lowest search precedence
[D][21:02:07]Adding [jndiProperties] PropertySource with lowest search precedence
[D][21:02:07]Adding [systemProperties] PropertySource with lowest search precedence
[D][21:02:08]Adding [systemEnvironment] PropertySource with lowest search precedence
[D][21:02:08]Initialized StandardServletEnvironment with PropertySources [servletConfigInitParams,servletContextInitParams,jndiProperties,systemProperties,systemEnvironment]
[D][21:02:08]Replacing [servletContextInitParams] PropertySource with [servletContextInitParams]
[D][21:02:08]Refreshing Root WebApplicationContext: startup date [Tue Nov 10 21:02:08 CST 2015]; root of context hierarchy
[D][21:02:08]Adding [systemProperties] PropertySource with lowest search precedence
[D][21:02:08]Adding [systemEnvironment] PropertySource with lowest search precedence
[D][21:02:08]Initialized StandardEnvironment with PropertySources [systemProperties,systemEnvironment]
[D][21:02:08]Loading XML bean definitions from class path resource [spring-mybatis.xml]
[D][21:02:08]Using JAXP provider [com.sun.org.apache.xerces.internal.jaxp.DocumentBuilderFactoryImpl]
[D][21:02:08]Loading schema mappings from [META-INF/spring.schemas]
[D][21:02:08]Loaded schema mappings: {http://www.springframework.org/schema/tx/spring-tx-2.5.xsd=org/springframework/transaction/config/spring-tx-2.5.xsd, http://www.springframework.org/schema/context/spring-context-3.1.xsd=org/springframework/context/config/spring-context-3.1.xsd, http://www.springframework.org/schema/util/spring-util-3.0.xsd=org/springframework/beans/factory/xml/spring-util-3.0.xsd, http://www.springframework.org/schema/aop/spring-aop-3.2.xsd=org/springframework/aop/config/spring-aop-3.2.xsd, http://www.springframework.org/schema/tool/spring-tool.xsd=org/springframework/beans/factory/xml/spring-tool-4.0.xsd, http://mybatis.org/schema/mybatis-spring-1.2.xsd=org/mybatis/spring/config/mybatis-spring-1.2.xsd, http://www.springframework.org/schema/context/spring-context-4.0.xsd=org/springframework/context/config/spring-context-4.0.xsd, http://www.springframework.org/schema/mvc/spring-mvc-3.2.xsd=org/springframework/web/servlet/config/spring-mvc-3.2.xsd, http://www.springframework.org/schema/lang/spring-lang-3.2.xsd=org/springframework/scripting/config/spring-lang-3.2.xsd, http://www.springframework.org/schema/cache/spring-cache-3.2.xsd=org/springframework/cache/config/spring-cache-3.2.xsd, http://www.springframework.org/schema/jdbc/spring-jdbc-3.1.xsd=org/springframework/jdbc/config/spring-jdbc-3.1.xsd, http://www.springframework.org/schema/util/spring-util-2.0.xsd=org/springframework/beans/factory/xml/spring-util-2.0.xsd, http://www.springframework.org/schema/tool/spring-tool-3.2.xsd=org/springframework/beans/factory/xml/spring-tool-3.2.xsd, http://www.springframework.org/schema/context/spring-context.xsd=org/springframework/context/config/spring-context-4.0.xsd, http://www.springframework.org/schema/aop/spring-aop-4.0.xsd=org/springframework/aop/config/spring-aop-4.0.xsd, http://www.springframework.org/schema/jee/spring-jee-3.2.xsd=org/springframework/ejb/config/spring-jee-3.2.xsd, http://www.springframework.org/schema/context/spring-context-3.0.xsd=org/springframework/context/config/spring-context-3.0.xsd, http://www.springframework.org/schema/jdbc/spring-jdbc-4.0.xsd=org/springframework/jdbc/config/spring-jdbc-4.0.xsd, http://www.springframework.org/schema/util/spring-util-2.5.xsd=org/springframework/beans/factory/xml/spring-util-2.5.xsd, http://www.springframework.org/schema/mvc/spring-mvc-4.0.xsd=org/springframework/web/servlet/config/spring-mvc-4.0.xsd, http://www.springframework.org/schema/beans/spring-beans-3.2.xsd=org/springframework/beans/factory/xml/spring-beans-3.2.xsd, http://www.springframework.org/schema/aop/spring-aop-3.1.xsd=org/springframework/aop/config/spring-aop-3.1.xsd, http://www.springframework.org/schema/lang/spring-lang-4.0.xsd=org/springframework/scripting/config/spring-lang-4.0.xsd, http://www.springframework.org/schema/mvc/spring-mvc.xsd=org/springframework/web/servlet/config/spring-mvc-4.0.xsd, http://www.springframework.org/schema/mvc/spring-mvc-3.1.xsd=org/springframework/web/servlet/config/spring-mvc-3.1.xsd, http://www.springframework.org/schema/tool/spring-tool-4.0.xsd=org/springframework/beans/factory/xml/spring-tool-4.0.xsd, http://www.springframework.org/schema/lang/spring-lang-3.1.xsd=org/springframework/scripting/config/spring-lang-3.1.xsd, http://www.springframework.org/schema/tx/spring-tx-3.2.xsd=org/springframework/transaction/config/spring-tx-3.2.xsd, http://www.springframework.org/schema/cache/spring-cache-3.1.xsd=org/springframework/cache/config/spring-cache-3.1.xsd, http://www.springframework.org/schema/jee/spring-jee-4.0.xsd=org/springframework/ejb/config/spring-jee-4.0.xsd, http://www.springframework.org/schema/jdbc/spring-jdbc-3.0.xsd=org/springframework/jdbc/config/spring-jdbc-3.0.xsd, http://www.springframework.org/schema/jdbc/spring-jdbc.xsd=org/springframework/jdbc/config/spring-jdbc-4.0.xsd, http://www.springframework.org/schema/tool/spring-tool-3.1.xsd=org/springframework/beans/factory/xml/spring-tool-3.1.xsd, http://www.springframework.org/schema/cache/spring-cache-4.0.xsd=org/springframework/cache/config/spring-cache-4.0.xsd, http://www.springframework.org/schema/jee/spring-jee-3.1.xsd=org/springframework/ejb/config/spring-jee-3.1.xsd, http://www.springframework.org/schema/task/spring-task-3.2.xsd=org/springframework/scheduling/config/spring-task-3.2.xsd, http://www.springframework.org/schema/beans/spring-beans-3.1.xsd=org/springframework/beans/factory/xml/spring-beans-3.1.xsd, http://www.springframework.org/schema/util/spring-util.xsd=org/springframework/beans/factory/xml/spring-util-4.0.xsd, http://www.springframework.org/schema/aop/spring-aop-3.0.xsd=org/springframework/aop/config/spring-aop-3.0.xsd, http://www.springframework.org/schema/mvc/spring-mvc-3.0.xsd=org/springframework/web/servlet/config/spring-mvc-3.0.xsd, http://www.springframework.org/schema/beans/spring-beans-4.0.xsd=org/springframework/beans/factory/xml/spring-beans-4.0.xsd, http://www.springframework.org/schema/beans/spring-beans.xsd=org/springframework/beans/factory/xml/spring-beans-4.0.xsd, http://www.springframework.org/schema/lang/spring-lang-3.0.xsd=org/springframework/scripting/config/spring-lang-3.0.xsd, http://www.springframework.org/schema/tx/spring-tx-3.1.xsd=org/springframework/transaction/config/spring-tx-3.1.xsd, http://mybatis.org/schema/mybatis-spring.xsd=org/mybatis/spring/config/mybatis-spring-1.2.xsd, http://www.springframework.org/schema/context/spring-context-2.5.xsd=org/springframework/context/config/spring-context-2.5.xsd, http://www.springframework.org/schema/task/spring-task-4.0.xsd=org/springframework/scheduling/config/spring-task-4.0.xsd, http://www.springframework.org/schema/tool/spring-tool-3.0.xsd=org/springframework/beans/factory/xml/spring-tool-3.0.xsd, http://www.springframework.org/schema/tx/spring-tx-4.0.xsd=org/springframework/transaction/config/spring-tx-4.0.xsd, http://www.springframework.org/schema/aop/spring-aop-2.0.xsd=org/springframework/aop/config/spring-aop-2.0.xsd, http://www.springframework.org/schema/jee/spring-jee-3.0.xsd=org/springframework/ejb/config/spring-jee-3.0.xsd, http://www.springframework.org/schema/task/spring-task-3.1.xsd=org/springframework/scheduling/config/spring-task-3.1.xsd, http://www.springframework.org/schema/beans/spring-beans-3.0.xsd=org/springframework/beans/factory/xml/spring-beans-3.0.xsd, http://www.springframework.org/schema/jee/spring-jee.xsd=org/springframework/ejb/config/spring-jee-4.0.xsd, http://www.springframework.org/schema/aop/spring-aop-2.5.xsd=org/springframework/aop/config/spring-aop-2.5.xsd, http://www.springframework.org/schema/lang/spring-lang-2.0.xsd=org/springframework/scripting/config/spring-lang-2.0.xsd, http://www.springframework.org/schema/util/spring-util-3.2.xsd=org/springframework/beans/factory/xml/spring-util-3.2.xsd, http://www.springframework.org/schema/task/spring-task.xsd=org/springframework/scheduling/config/spring-task-4.0.xsd, http://www.springframework.org/schema/tool/spring-tool-2.0.xsd=org/springframework/beans/factory/xml/spring-tool-2.0.xsd, http://www.springframework.org/schema/tx/spring-tx-3.0.xsd=org/springframework/transaction/config/spring-tx-3.0.xsd, http://www.springframework.org/schema/lang/spring-lang-2.5.xsd=org/springframework/scripting/config/spring-lang-2.5.xsd, http://www.springframework.org/schema/jee/spring-jee-2.0.xsd=org/springframework/ejb/config/spring-jee-2.0.xsd, http://www.springframework.org/schema/tool/spring-tool-2.5.xsd=org/springframework/beans/factory/xml/spring-tool-2.5.xsd, http://www.springframework.org/schema/jee/spring-jee-2.5.xsd=org/springframework/ejb/config/spring-jee-2.5.xsd, http://www.springframework.org/schema/util/spring-util-4.0.xsd=org/springframework/beans/factory/xml/spring-util-4.0.xsd, http://www.springframework.org/schema/task/spring-task-3.0.xsd=org/springframework/scheduling/config/spring-task-3.0.xsd, http://www.springframework.org/schema/lang/spring-lang.xsd=org/springframework/scripting/config/spring-lang-4.0.xsd, http://www.springframework.org/schema/context/spring-context-3.2.xsd=org/springframework/context/config/spring-context-3.2.xsd, http://www.springframework.org/schema/util/spring-util-3.1.xsd=org/springframework/beans/factory/xml/spring-util-3.1.xsd, http://www.springframework.org/schema/beans/spring-beans-2.0.xsd=org/springframework/beans/factory/xml/spring-beans-2.0.xsd, http://www.springframework.org/schema/cache/spring-cache.xsd=org/springframework/cache/config/spring-cache-4.0.xsd, http://www.springframework.org/schema/tx/spring-tx.xsd=org/springframework/transaction/config/spring-tx-4.0.xsd, http://www.springframework.org/schema/beans/spring-beans-2.5.xsd=org/springframework/beans/factory/xml/spring-beans-2.5.xsd, http://www.springframework.org/schema/tx/spring-tx-2.0.xsd=org/springframework/transaction/config/spring-tx-2.0.xsd, http://www.springframework.org/schema/jdbc/spring-jdbc-3.2.xsd=org/springframework/jdbc/config/spring-jdbc-3.2.xsd, http://www.springframework.org/schema/aop/spring-aop.xsd=org/springframework/aop/config/spring-aop-4.0.xsd}
[D][21:02:08]Found XML schema [http://www.springframework.org/schema/beans/spring-beans-3.1.xsd] in classpath: org/springframework/beans/factory/xml/spring-beans-3.1.xsd
[D][21:02:08]Found XML schema [http://www.springframework.org/schema/context/spring-context-3.1.xsd] in classpath: org/springframework/context/config/spring-context-3.1.xsd
[D][21:02:08]Found XML schema [http://www.springframework.org/schema/tool/spring-tool-3.1.xsd] in classpath: org/springframework/beans/factory/xml/spring-tool-3.1.xsd
[D][21:02:08]Loading bean definitions
[D][21:02:09]Loaded NamespaceHandler mappings: {http://www.springframework.org/schema/p=org.springframework.beans.factory.xml.SimplePropertyNamespaceHandler, http://www.springframework.org/schema/mvc=org.springframework.web.servlet.config.MvcNamespaceHandler, http://www.springframework.org/schema/util=org.springframework.beans.factory.xml.UtilNamespaceHandler, http://www.springframework.org/schema/jee=org.springframework.ejb.config.JeeNamespaceHandler, http://www.springframework.org/schema/aop=org.springframework.aop.config.AopNamespaceHandler, http://www.springframework.org/schema/jdbc=org.springframework.jdbc.config.JdbcNamespaceHandler, http://www.springframework.org/schema/cache=org.springframework.cache.config.CacheNamespaceHandler, http://mybatis.org/schema/mybatis-spring=org.mybatis.spring.config.NamespaceHandler, http://www.springframework.org/schema/c=org.springframework.beans.factory.xml.SimpleConstructorNamespaceHandler, http://www.springframework.org/schema/tx=org.springframework.transaction.config.TxNamespaceHandler, http://www.springframework.org/schema/task=org.springframework.scheduling.config.TaskNamespaceHandler, http://www.springframework.org/schema/lang=org.springframework.scripting.config.LangNamespaceHandler, http://www.springframework.org/schema/context=org.springframework.context.config.ContextNamespaceHandler}
[D][21:02:09]Adding [systemProperties] PropertySource with lowest search precedence
[D][21:02:09]Adding [systemEnvironment] PropertySource with lowest search precedence
[D][21:02:09]Initialized StandardEnvironment with PropertySources [systemProperties,systemEnvironment]
[D][21:02:09]JSR-250 'javax.annotation.ManagedBean' found and supported for component scanning
[D][21:02:09]Looking for matching resources in directory tree [G:\WorkedCompany\yanhuaProject\src\repairs\ttrh_repairs_data\target\classes\com\ttrh\repairs\dao]
[D][21:02:09]Searching directory [G:\WorkedCompany\yanhuaProject\src\repairs\ttrh_repairs_data\target\classes\com\ttrh\repairs\dao] for files matching pattern [G:/WorkedCompany/yanhuaProject/src/repairs/ttrh_repairs_data/target/classes/com/ttrh/repairs/dao/**/*.class]
[D][21:02:09]Resolved location pattern [classpath*:com/ttrh/repairs/dao/**/*.class] to resources [file [G:\WorkedCompany\yanhuaProject\src\repairs\ttrh_repairs_data\target\classes\com\ttrh\repairs\dao\DepartmentDao.class], file [G:\WorkedCompany\yanhuaProject\src\repairs\ttrh_repairs_data\target\classes\com\ttrh\repairs\dao\RepairsDao.class], file [G:\WorkedCompany\yanhuaProject\src\repairs\ttrh_repairs_data\target\classes\com\ttrh\repairs\dao\UGroupDao.class], file [G:\WorkedCompany\yanhuaProject\src\repairs\ttrh_repairs_data\target\classes\com\ttrh\repairs\dao\UserDao.class]]
[D][21:02:09]Ignored because not a concrete top-level class: file [G:\WorkedCompany\yanhuaProject\src\repairs\ttrh_repairs_data\target\classes\com\ttrh\repairs\dao\RepairsDao.class]
[D][21:02:09]Looking for matching resources in directory tree [G:\WorkedCompany\yanhuaProject\src\repairs\ttrh_repairs_data\target\classes\com\ttrh\repairs\service]
[D][21:02:09]Searching directory [G:\WorkedCompany\yanhuaProject\src\repairs\ttrh_repairs_data\target\classes\com\ttrh\repairs\service] for files matching pattern [G:/WorkedCompany/yanhuaProject/src/repairs/ttrh_repairs_data/target/classes/com/ttrh/repairs/service/**/*.class]
[D][21:02:09]Searching directory [G:\WorkedCompany\yanhuaProject\src\repairs\ttrh_repairs_data\target\classes\com\ttrh\repairs\service\impl] for files matching pattern [G:/WorkedCompany/yanhuaProject/src/repairs/ttrh_repairs_data/target/classes/com/ttrh/repairs/service/**/*.class]
[D][21:02:09]Resolved location pattern [classpath*:com/ttrh/repairs/service/**/*.class] to resources [file [G:\WorkedCompany\yanhuaProject\src\repairs\ttrh_repairs_data\target\classes\com\ttrh\repairs\service\IDepartmentService.class], file [G:\WorkedCompany\yanhuaProject\src\repairs\ttrh_repairs_data\target\classes\com\ttrh\repairs\service\impl\DepartmentServiceImpl.class], file [G:\WorkedCompany\yanhuaProject\src\repairs\ttrh_repairs_data\target\classes\com\ttrh\repairs\service\impl\RepairsServiceImpl.class], file [G:\WorkedCompany\yanhuaProject\src\repairs\ttrh_repairs_data\target\classes\com\ttrh\repairs\service\impl\UGroupService.class], file [G:\WorkedCompany\yanhuaProject\src\repairs\ttrh_repairs_data\target\classes\com\ttrh\repairs\service\impl\UserServiceImpl.class], file [G:\WorkedCompany\yanhuaProject\src\repairs\ttrh_repairs_data\target\classes\com\ttrh\repairs\service\IRepairsService.class], file [G:\WorkedCompany\yanhuaProject\src\repairs\ttrh_repairs_data\target\classes\com\ttrh\repairs\service\IUGroupService.class], file [G:\WorkedCompany\yanhuaProject\src\repairs\ttrh_repairs_data\target\classes\com\ttrh\repairs\service\IUserService.class]]
[D][21:02:09]Identified candidate component class: file [G:\WorkedCompany\yanhuaProject\src\repairs\ttrh_repairs_data\target\classes\com\ttrh\repairs\service\impl\RepairsServiceImpl.class]
[D][21:02:09]Identified candidate component class: file [G:\WorkedCompany\yanhuaProject\src\repairs\ttrh_repairs_data\target\classes\com\ttrh\repairs\service\impl\UGroupService.class]
[D][21:02:09]Identified candidate component class: file [G:\WorkedCompany\yanhuaProject\src\repairs\ttrh_repairs_data\target\classes\com\ttrh\repairs\service\impl\UserServiceImpl.class]
[D][21:02:09]Neither XML 'id' nor 'name' specified - using generated bean name [org.mybatis.spring.mapper.MapperScannerConfigurer#0]
[D][21:02:09]Loaded 12 bean definitions from location pattern [classpath:spring-mybatis.xml]
[D][21:02:09]Bean factory for Root WebApplicationContext: org.springframework.beans.factory.support.DefaultListableBeanFactory@7a527389: defining beans [repairsServiceImpl,ugroupServiceImpl,userServiceImpl,org.springframework.context.annotation.internalConfigurationAnnotationProcessor,org.springframework.context.annotation.internalAutowiredAnnotationProcessor,org.springframework.context.annotation.internalRequiredAnnotationProcessor,org.springframework.context.annotation.internalCommonAnnotationProcessor,propertyConfigurer,dataSource,sqlSessionFactory,org.mybatis.spring.mapper.MapperScannerConfigurer#0,transactionManager]; root of factory hierarchy
[D][21:02:09]Creating shared instance of singleton bean 'org.springframework.context.annotation.internalConfigurationAnnotationProcessor'
[D][21:02:09]Creating instance of bean 'org.springframework.context.annotation.internalConfigurationAnnotationProcessor'
[D][21:02:09]Eagerly caching bean 'org.springframework.context.annotation.internalConfigurationAnnotationProcessor' to allow for resolving potential circular references
[D][21:02:09]Finished creating instance of bean 'org.springframework.context.annotation.internalConfigurationAnnotationProcessor'
[D][21:02:09]Creating shared instance of singleton bean 'org.mybatis.spring.mapper.MapperScannerConfigurer#0'
[D][21:02:09]Creating instance of bean 'org.mybatis.spring.mapper.MapperScannerConfigurer#0'
[D][21:02:09]Eagerly caching bean 'org.mybatis.spring.mapper.MapperScannerConfigurer#0' to allow for resolving potential circular references
[D][21:02:09]Invoking afterPropertiesSet() on bean with name 'org.mybatis.spring.mapper.MapperScannerConfigurer#0'
[D][21:02:09]Finished creating instance of bean 'org.mybatis.spring.mapper.MapperScannerConfigurer#0'
[D][21:02:09]Adding [systemProperties] PropertySource with lowest search precedence
[D][21:02:09]Adding [systemEnvironment] PropertySource with lowest search precedence
[D][21:02:09]Initialized StandardEnvironment with PropertySources [systemProperties,systemEnvironment]
[D][21:02:09]Looking for matching resources in directory tree [G:\WorkedCompany\yanhuaProject\src\repairs\ttrh_repairs_data\target\classes\com\ttrh\repairs\dao]
[D][21:02:09]Searching directory [G:\WorkedCompany\yanhuaProject\src\repairs\ttrh_repairs_data\target\classes\com\ttrh\repairs\dao] for files matching pattern [G:/WorkedCompany/yanhuaProject/src/repairs/ttrh_repairs_data/target/classes/com/ttrh/repairs/dao/**/*.class]
[D][21:02:09]Resolved location pattern [classpath*:com/ttrh/repairs/dao/**/*.class] to resources [file [G:\WorkedCompany\yanhuaProject\src\repairs\ttrh_repairs_data\target\classes\com\ttrh\repairs\dao\DepartmentDao.class], file [G:\WorkedCompany\yanhuaProject\src\repairs\ttrh_repairs_data\target\classes\com\ttrh\repairs\dao\RepairsDao.class], file [G:\WorkedCompany\yanhuaProject\src\repairs\ttrh_repairs_data\target\classes\com\ttrh\repairs\dao\UGroupDao.class], file [G:\WorkedCompany\yanhuaProject\src\repairs\ttrh_repairs_data\target\classes\com\ttrh\repairs\dao\UserDao.class]]
[D][21:02:09]Identified candidate component class: file [G:\WorkedCompany\yanhuaProject\src\repairs\ttrh_repairs_data\target\classes\com\ttrh\repairs\dao\DepartmentDao.class]
[D][21:02:09]Identified candidate component class: file [G:\WorkedCompany\yanhuaProject\src\repairs\ttrh_repairs_data\target\classes\com\ttrh\repairs\dao\RepairsDao.class]
[D][21:02:09]Identified candidate component class: file [G:\WorkedCompany\yanhuaProject\src\repairs\ttrh_repairs_data\target\classes\com\ttrh\repairs\dao\UGroupDao.class]
[D][21:02:09]Identified candidate component class: file [G:\WorkedCompany\yanhuaProject\src\repairs\ttrh_repairs_data\target\classes\com\ttrh\repairs\dao\UserDao.class]
[D][21:02:09]Creating MapperFactoryBean with name 'departmentDao' and 'com.ttrh.repairs.dao.DepartmentDao' mapperInterface
[D][21:02:09]Creating MapperFactoryBean with name 'repairsDao' and 'com.ttrh.repairs.dao.RepairsDao' mapperInterface
[D][21:02:09]Creating MapperFactoryBean with name 'UGroupDao' and 'com.ttrh.repairs.dao.UGroupDao' mapperInterface
[D][21:02:09]Creating MapperFactoryBean with name 'userDao' and 'com.ttrh.repairs.dao.UserDao' mapperInterface
[D][21:02:09]Creating shared instance of singleton bean 'propertyConfigurer'
[D][21:02:09]Creating instance of bean 'propertyConfigurer'
[D][21:02:09]Eagerly caching bean 'propertyConfigurer' to allow for resolving potential circular references
[D][21:02:09]Finished creating instance of bean 'propertyConfigurer'
[D][21:02:09]Loading properties file from class path resource [db.properties]
[D][21:02:09]Creating shared instance of singleton bean 'org.springframework.context.annotation.internalAutowiredAnnotationProcessor'
[D][21:02:09]Creating instance of bean 'org.springframework.context.annotation.internalAutowiredAnnotationProcessor'
[D][21:02:09]Eagerly caching bean 'org.springframework.context.annotation.internalAutowiredAnnotationProcessor' to allow for resolving potential circular references
[D][21:02:09]Finished creating instance of bean 'org.springframework.context.annotation.internalAutowiredAnnotationProcessor'
[D][21:02:09]Creating shared instance of singleton bean 'org.springframework.context.annotation.internalRequiredAnnotationProcessor'
[D][21:02:09]Creating instance of bean 'org.springframework.context.annotation.internalRequiredAnnotationProcessor'
[D][21:02:09]Eagerly caching bean 'org.springframework.context.annotation.internalRequiredAnnotationProcessor' to allow for resolving potential circular references
[D][21:02:09]Finished creating instance of bean 'org.springframework.context.annotation.internalRequiredAnnotationProcessor'
[D][21:02:09]Creating shared instance of singleton bean 'org.springframework.context.annotation.internalCommonAnnotationProcessor'
[D][21:02:09]Creating instance of bean 'org.springframework.context.annotation.internalCommonAnnotationProcessor'
[D][21:02:09]Eagerly caching bean 'org.springframework.context.annotation.internalCommonAnnotationProcessor' to allow for resolving potential circular references
[D][21:02:09]Finished creating instance of bean 'org.springframework.context.annotation.internalCommonAnnotationProcessor'
[D][21:02:09]Creating shared instance of singleton bean 'org.springframework.context.annotation.ConfigurationClassPostProcessor.importAwareProcessor'
[D][21:02:09]Creating instance of bean 'org.springframework.context.annotation.ConfigurationClassPostProcessor.importAwareProcessor'
[D][21:02:09]Eagerly caching bean 'org.springframework.context.annotation.ConfigurationClassPostProcessor.importAwareProcessor' to allow for resolving potential circular references
[D][21:02:09]Finished creating instance of bean 'org.springframework.context.annotation.ConfigurationClassPostProcessor.importAwareProcessor'
[D][21:02:09]Creating shared instance of singleton bean 'org.springframework.context.annotation.ConfigurationClassPostProcessor.enhancedConfigurationProcessor'
[D][21:02:09]Creating instance of bean 'org.springframework.context.annotation.ConfigurationClassPostProcessor.enhancedConfigurationProcessor'
[D][21:02:09]Eagerly caching bean 'org.springframework.context.annotation.ConfigurationClassPostProcessor.enhancedConfigurationProcessor' to allow for resolving potential circular references
[D][21:02:09]Finished creating instance of bean 'org.springframework.context.annotation.ConfigurationClassPostProcessor.enhancedConfigurationProcessor'
[D][21:02:09]Unable to locate MessageSource with name 'messageSource': using default [org.springframework.context.support.DelegatingMessageSource@6970140a]
[D][21:02:10]Unable to locate ApplicationEventMulticaster with name 'applicationEventMulticaster': using default [org.springframework.context.event.SimpleApplicationEventMulticaster@46cc127b]
[D][21:02:10]Unable to locate ThemeSource with name 'themeSource': using default [org.springframework.ui.context.support.ResourceBundleThemeSource@790174f2]
[D][21:02:10]Pre-instantiating singletons in org.springframework.beans.factory.support.DefaultListableBeanFactory@7a527389: defining beans [repairsServiceImpl,ugroupServiceImpl,userServiceImpl,org.springframework.context.annotation.internalConfigurationAnnotationProcessor,org.springframework.context.annotation.internalAutowiredAnnotationProcessor,org.springframework.context.annotation.internalRequiredAnnotationProcessor,org.springframework.context.annotation.internalCommonAnnotationProcessor,propertyConfigurer,dataSource,sqlSessionFactory,org.mybatis.spring.mapper.MapperScannerConfigurer#0,transactionManager,org.springframework.context.annotation.ConfigurationClassPostProcessor.importAwareProcessor,org.springframework.context.annotation.ConfigurationClassPostProcessor.enhancedConfigurationProcessor,departmentDao,repairsDao,UGroupDao,userDao]; root of factory hierarchy
[D][21:02:10]Creating shared instance of singleton bean 'repairsServiceImpl'
[D][21:02:10]Creating instance of bean 'repairsServiceImpl'
[D][21:02:10]Registered injected element on class [com.ttrh.repairs.service.impl.RepairsServiceImpl]: AutowiredFieldElement for public com.ttrh.repairs.dao.RepairsDao com.ttrh.repairs.service.impl.RepairsServiceImpl.repairsDao
[D][21:02:10]Eagerly caching bean 'repairsServiceImpl' to allow for resolving potential circular references
[D][21:02:10]Processing injected method of bean 'repairsServiceImpl': AutowiredFieldElement for public com.ttrh.repairs.dao.RepairsDao com.ttrh.repairs.service.impl.RepairsServiceImpl.repairsDao
[D][21:02:10]Creating shared instance of singleton bean 'departmentDao'
[D][21:02:10]Creating instance of bean 'departmentDao'
[D][21:02:10]Eagerly caching bean 'departmentDao' to allow for resolving potential circular references
[D][21:02:10]Creating shared instance of singleton bean 'sqlSessionFactory'
[D][21:02:10]Creating instance of bean 'sqlSessionFactory'
[D][21:02:10]Eagerly caching bean 'sqlSessionFactory' to allow for resolving potential circular references
[D][21:02:10]Creating shared instance of singleton bean 'dataSource'
[D][21:02:10]Creating instance of bean 'dataSource'
[D][21:02:10]Eagerly caching bean 'dataSource' to allow for resolving potential circular references
[D][21:02:10]Finished creating instance of bean 'dataSource'
[D][21:02:10]Looking for matching resources in directory tree [G:\WorkedCompany\yanhuaProject\src\repairs\ttrh_repairs_data\target\classes\com\ttrh\repairs\mysqlMapper]
[D][21:02:10]Searching directory [G:\WorkedCompany\yanhuaProject\src\repairs\ttrh_repairs_data\target\classes\com\ttrh\repairs\mysqlMapper] for files matching pattern [G:/WorkedCompany/yanhuaProject/src/repairs/ttrh_repairs_data/target/classes/com/ttrh/repairs/mysqlMapper/*.xml]
[D][21:02:10]Resolved location pattern [classpath:com/ttrh/repairs/mysqlMapper/*.xml] to resources [file [G:\WorkedCompany\yanhuaProject\src\repairs\ttrh_repairs_data\target\classes\com\ttrh\repairs\mysqlMapper\DepartmentMapper.xml], file [G:\WorkedCompany\yanhuaProject\src\repairs\ttrh_repairs_data\target\classes\com\ttrh\repairs\mysqlMapper\ReparisMapper.xml], file [G:\WorkedCompany\yanhuaProject\src\repairs\ttrh_repairs_data\target\classes\com\ttrh\repairs\mysqlMapper\UGroupMapper.xml], file [G:\WorkedCompany\yanhuaProject\src\repairs\ttrh_repairs_data\target\classes\com\ttrh\repairs\mysqlMapper\UserMapper.xml]]
[D][21:02:10]Invoking afterPropertiesSet() on bean with name 'sqlSessionFactory'
[D][21:02:10]Property 'configLocation' not specified, using default MyBatis Configuration
[D][21:02:11]Parsed mapper file: 'file [G:\WorkedCompany\yanhuaProject\src\repairs\ttrh_repairs_data\target\classes\com\ttrh\repairs\mysqlMapper\DepartmentMapper.xml]'
[D][21:02:11]Parsed mapper file: 'file [G:\WorkedCompany\yanhuaProject\src\repairs\ttrh_repairs_data\target\classes\com\ttrh\repairs\mysqlMapper\ReparisMapper.xml]'
[D][21:02:11]Parsed mapper file: 'file [G:\WorkedCompany\yanhuaProject\src\repairs\ttrh_repairs_data\target\classes\com\ttrh\repairs\mysqlMapper\UGroupMapper.xml]'
[D][21:02:11]Parsed mapper file: 'file [G:\WorkedCompany\yanhuaProject\src\repairs\ttrh_repairs_data\target\classes\com\ttrh\repairs\mysqlMapper\UserMapper.xml]'
[D][21:02:11]Finished creating instance of bean 'sqlSessionFactory'
[D][21:02:11]Invoking afterPropertiesSet() on bean with name 'departmentDao'
[D][21:02:11]Finished creating instance of bean 'departmentDao'
[D][21:02:11]Creating shared instance of singleton bean 'repairsDao'
[D][21:02:11]Creating instance of bean 'repairsDao'
[D][21:02:11]Eagerly caching bean 'repairsDao' to allow for resolving potential circular references
[D][21:02:11]Returning cached instance of singleton bean 'sqlSessionFactory'
[D][21:02:11]Invoking afterPropertiesSet() on bean with name 'repairsDao'
[D][21:02:11]Finished creating instance of bean 'repairsDao'
[D][21:02:11]Creating shared instance of singleton bean 'UGroupDao'
[D][21:02:11]Creating instance of bean 'UGroupDao'
[D][21:02:11]Eagerly caching bean 'UGroupDao' to allow for resolving potential circular references
[D][21:02:11]Returning cached instance of singleton bean 'sqlSessionFactory'
[D][21:02:11]Invoking afterPropertiesSet() on bean with name 'UGroupDao'
[D][21:02:11]Finished creating instance of bean 'UGroupDao'
[D][21:02:11]Creating shared instance of singleton bean 'userDao'
[D][21:02:11]Creating instance of bean 'userDao'
[D][21:02:11]Eagerly caching bean 'userDao' to allow for resolving potential circular references
[D][21:02:11]Returning cached instance of singleton bean 'sqlSessionFactory'
[D][21:02:11]Invoking afterPropertiesSet() on bean with name 'userDao'
[D][21:02:11]Finished creating instance of bean 'userDao'
[D][21:02:11]Returning cached instance of singleton bean 'repairsDao'
[D][21:02:11]Autowiring by type from bean name 'repairsServiceImpl' to bean named 'repairsDao'
[D][21:02:11]Finished creating instance of bean 'repairsServiceImpl'
[D][21:02:11]Creating shared instance of singleton bean 'ugroupServiceImpl'
[D][21:02:11]Creating instance of bean 'ugroupServiceImpl'
[D][21:02:11]Registered injected element on class [com.ttrh.repairs.service.impl.UGroupService]: AutowiredFieldElement for private com.ttrh.repairs.dao.UGroupDao com.ttrh.repairs.service.impl.UGroupService.ugroupDao
[D][21:02:11]Eagerly caching bean 'ugroupServiceImpl' to allow for resolving potential circular references
[D][21:02:11]Processing injected method of bean 'ugroupServiceImpl': AutowiredFieldElement for private com.ttrh.repairs.dao.UGroupDao com.ttrh.repairs.service.impl.UGroupService.ugroupDao
[D][21:02:11]Returning cached instance of singleton bean 'UGroupDao'
[D][21:02:11]Autowiring by type from bean name 'ugroupServiceImpl' to bean named 'UGroupDao'
[D][21:02:11]Finished creating instance of bean 'ugroupServiceImpl'
[D][21:02:11]Creating shared instance of singleton bean 'userServiceImpl'
[D][21:02:11]Creating instance of bean 'userServiceImpl'
[D][21:02:11]Registered injected element on class [com.ttrh.repairs.service.impl.UserServiceImpl]: AutowiredFieldElement for public com.ttrh.repairs.dao.UserDao com.ttrh.repairs.service.impl.UserServiceImpl.userDao
[D][21:02:11]Eagerly caching bean 'userServiceImpl' to allow for resolving potential circular references
[D][21:02:11]Processing injected method of bean 'userServiceImpl': AutowiredFieldElement for public com.ttrh.repairs.dao.UserDao com.ttrh.repairs.service.impl.UserServiceImpl.userDao
[D][21:02:11]Returning cached instance of singleton bean 'userDao'
[D][21:02:11]Autowiring by type from bean name 'userServiceImpl' to bean named 'userDao'
[D][21:02:11]Finished creating instance of bean 'userServiceImpl'
[D][21:02:11]Returning cached instance of singleton bean 'org.springframework.context.annotation.internalConfigurationAnnotationProcessor'
[D][21:02:11]Returning cached instance of singleton bean 'org.springframework.context.annotation.internalAutowiredAnnotationProcessor'
[D][21:02:11]Returning cached instance of singleton bean 'org.springframework.context.annotation.internalRequiredAnnotationProcessor'
[D][21:02:11]Returning cached instance of singleton bean 'org.springframework.context.annotation.internalCommonAnnotationProcessor'
[D][21:02:11]Returning cached instance of singleton bean 'propertyConfigurer'
[D][21:02:11]Returning cached instance of singleton bean 'dataSource'
[D][21:02:11]Returning cached instance of singleton bean 'sqlSessionFactory'
[D][21:02:11]Returning cached instance of singleton bean 'org.mybatis.spring.mapper.MapperScannerConfigurer#0'
[D][21:02:11]Creating shared instance of singleton bean 'transactionManager'
[D][21:02:11]Creating instance of bean 'transactionManager'
[D][21:02:11]Eagerly caching bean 'transactionManager' to allow for resolving potential circular references
[D][21:02:11]Returning cached instance of singleton bean 'dataSource'
[D][21:02:11]Invoking afterPropertiesSet() on bean with name 'transactionManager'
[D][21:02:11]Finished creating instance of bean 'transactionManager'
[D][21:02:11]Returning cached instance of singleton bean 'org.springframework.context.annotation.ConfigurationClassPostProcessor.importAwareProcessor'
[D][21:02:11]Returning cached instance of singleton bean 'org.springframework.context.annotation.ConfigurationClassPostProcessor.enhancedConfigurationProcessor'
[D][21:02:11]Returning cached instance of singleton bean 'departmentDao'
[D][21:02:11]Returning cached instance of singleton bean 'repairsDao'
[D][21:02:11]Returning cached instance of singleton bean 'UGroupDao'
[D][21:02:11]Returning cached instance of singleton bean 'userDao'
[D][21:02:11]Unable to locate LifecycleProcessor with name 'lifecycleProcessor': using default [org.springframework.context.support.DefaultLifecycleProcessor@5a9800f8]
[D][21:02:11]Returning cached instance of singleton bean 'lifecycleProcessor'
[D][21:02:11]Returning cached instance of singleton bean 'sqlSessionFactory'
[D][21:02:11]Searching for key 'spring.liveBeansView.mbeanDomain' in [servletConfigInitParams]
[D][21:02:11]Searching for key 'spring.liveBeansView.mbeanDomain' in [servletContextInitParams]
[D][21:02:11]Searching for key 'spring.liveBeansView.mbeanDomain' in [jndiProperties]
[D][21:02:11]Looking up JNDI object with name [java:comp/env/spring.liveBeansView.mbeanDomain]
[D][21:02:12]Converted JNDI name [java:comp/env/spring.liveBeansView.mbeanDomain] not found - trying original name [spring.liveBeansView.mbeanDomain]. javax.naming.NoInitialContextException: Need to specify class name in environment or system property, or as an applet parameter, or in an application resource file:  java.naming.factory.initial
[D][21:02:12]Looking up JNDI object with name [spring.liveBeansView.mbeanDomain]
[D][21:02:12]JNDI lookup for name [spring.liveBeansView.mbeanDomain] threw NamingException with message: Need to specify class name in environment or system property, or as an applet parameter, or in an application resource file:  java.naming.factory.initial. Returning null.
[D][21:02:12]Searching for key 'spring.liveBeansView.mbeanDomain' in [systemProperties]
[D][21:02:12]Searching for key 'spring.liveBeansView.mbeanDomain' in [systemEnvironment]
[D][21:02:12]Could not find key 'spring.liveBeansView.mbeanDomain' in any property source. Returning [null]
[D][21:02:12]Published root WebApplicationContext as ServletContext attribute with name [org.springframework.web.context.WebApplicationContext.ROOT]
[D][21:02:12]Root WebApplicationContext: initialization completed in 4813 ms
[D][21:02:12]Adding [servletConfigInitParams] PropertySource with lowest search precedence
[D][21:02:12]Adding [servletContextInitParams] PropertySource with lowest search precedence
[D][21:02:12]Adding [jndiProperties] PropertySource with lowest search precedence
[D][21:02:12]Adding [systemProperties] PropertySource with lowest search precedence
[D][21:02:12]Adding [systemEnvironment] PropertySource with lowest search precedence
[D][21:02:12]Initialized StandardServletEnvironment with PropertySources [servletConfigInitParams,servletContextInitParams,jndiProperties,systemProperties,systemEnvironment]
[D][21:02:12]Initializing filter 'characterEncodingFilter'
[D][21:02:12]Filter 'characterEncodingFilter' configured successfully
[D][21:04:11]Initializing servlet 'spring'
[D][21:04:11]Adding [servletConfigInitParams] PropertySource with lowest search precedence
[D][21:04:11]Adding [servletContextInitParams] PropertySource with lowest search precedence
[D][21:04:11]Adding [jndiProperties] PropertySource with lowest search precedence
[D][21:04:11]Adding [systemProperties] PropertySource with lowest search precedence
[D][21:04:11]Adding [systemEnvironment] PropertySource with lowest search precedence
[D][21:04:11]Initialized StandardServletEnvironment with PropertySources [servletConfigInitParams,servletContextInitParams,jndiProperties,systemProperties,systemEnvironment]
[D][21:04:11]FrameworkServlet 'spring': initialization started
[D][21:04:11]Servlet with name 'spring' will try to create custom WebApplicationContext context of class 'org.springframework.web.context.support.XmlWebApplicationContext', using parent context [Root WebApplicationContext: startup date [Tue Nov 10 21:02:08 CST 2015]; root of context hierarchy]
[D][21:04:11]Searching for key 'spring.profiles.active' in [servletConfigInitParams]
[D][21:04:11]Searching for key 'spring.profiles.active' in [servletContextInitParams]
[D][21:04:11]Searching for key 'spring.profiles.active' in [jndiProperties]
[D][21:04:11]Looking up JNDI object with name [java:comp/env/spring.profiles.active]
[D][21:04:11]Converted JNDI name [java:comp/env/spring.profiles.active] not found - trying original name [spring.profiles.active]. javax.naming.NoInitialContextException: Need to specify class name in environment or system property, or as an applet parameter, or in an application resource file:  java.naming.factory.initial
[D][21:04:11]Looking up JNDI object with name [spring.profiles.active]
[D][21:04:11]JNDI lookup for name [spring.profiles.active] threw NamingException with message: Need to specify class name in environment or system property, or as an applet parameter, or in an application resource file:  java.naming.factory.initial. Returning null.
[D][21:04:11]Searching for key 'spring.profiles.active' in [systemProperties]
[D][21:04:11]Searching for key 'spring.profiles.active' in [systemEnvironment]
[D][21:04:11]Could not find key 'spring.profiles.active' in any property source. Returning [null]
[D][21:04:11]Searching for key 'spring.profiles.default' in [servletConfigInitParams]
[D][21:04:11]Searching for key 'spring.profiles.default' in [servletContextInitParams]
[D][21:04:11]Searching for key 'spring.profiles.default' in [jndiProperties]
[D][21:04:11]Looking up JNDI object with name [java:comp/env/spring.profiles.default]
[D][21:04:11]Converted JNDI name [java:comp/env/spring.profiles.default] not found - trying original name [spring.profiles.default]. javax.naming.NoInitialContextException: Need to specify class name in environment or system property, or as an applet parameter, or in an application resource file:  java.naming.factory.initial
[D][21:04:11]Looking up JNDI object with name [spring.profiles.default]
[D][21:04:11]JNDI lookup for name [spring.profiles.default] threw NamingException with message: Need to specify class name in environment or system property, or as an applet parameter, or in an application resource file:  java.naming.factory.initial. Returning null.
[D][21:04:11]Searching for key 'spring.profiles.default' in [systemProperties]
[D][21:04:11]Searching for key 'spring.profiles.default' in [systemEnvironment]
[D][21:04:11]Could not find key 'spring.profiles.default' in any property source. Returning [null]
[D][21:04:11]Searching for key 'spring.profiles.default' in [servletConfigInitParams]
[D][21:04:11]Searching for key 'spring.profiles.default' in [servletContextInitParams]
[D][21:04:11]Searching for key 'spring.profiles.default' in [jndiProperties]
[D][21:04:11]Looking up JNDI object with name [java:comp/env/spring.profiles.default]
[D][21:04:11]Converted JNDI name [java:comp/env/spring.profiles.default] not found - trying original name [spring.profiles.default]. javax.naming.NoInitialContextException: Need to specify class name in environment or system property, or as an applet parameter, or in an application resource file:  java.naming.factory.initial
[D][21:04:11]Looking up JNDI object with name [spring.profiles.default]
[D][21:04:11]JNDI lookup for name [spring.profiles.default] threw NamingException with message: Need to specify class name in environment or system property, or as an applet parameter, or in an application resource file:  java.naming.factory.initial. Returning null.
[D][21:04:11]Searching for key 'spring.profiles.default' in [systemProperties]
[D][21:04:11]Searching for key 'spring.profiles.default' in [systemEnvironment]
[D][21:04:11]Could not find key 'spring.profiles.default' in any property source. Returning [null]
[D][21:04:11]Replacing [servletContextInitParams] PropertySource with [servletContextInitParams]
[D][21:04:11]Replacing [servletConfigInitParams] PropertySource with [servletConfigInitParams]
[D][21:04:11]Refreshing WebApplicationContext for namespace 'spring-servlet': startup date [Tue Nov 10 21:04:11 CST 2015]; parent: Root WebApplicationContext
[D][21:04:11]Adding [systemProperties] PropertySource with lowest search precedence
[D][21:04:11]Adding [systemEnvironment] PropertySource with lowest search precedence
[D][21:04:11]Initialized StandardEnvironment with PropertySources [systemProperties,systemEnvironment]
[D][21:04:11]Loading XML bean definitions from class path resource [context-dispatcher.xml]
[D][21:04:11]Using JAXP provider [com.sun.org.apache.xerces.internal.jaxp.DocumentBuilderFactoryImpl]
[D][21:04:11]Loading schema mappings from [META-INF/spring.schemas]
[D][21:04:11]Loaded schema mappings: {http://www.springframework.org/schema/tx/spring-tx-2.5.xsd=org/springframework/transaction/config/spring-tx-2.5.xsd, http://www.springframework.org/schema/context/spring-context-3.1.xsd=org/springframework/context/config/spring-context-3.1.xsd, http://www.springframework.org/schema/util/spring-util-3.0.xsd=org/springframework/beans/factory/xml/spring-util-3.0.xsd, http://www.springframework.org/schema/aop/spring-aop-3.2.xsd=org/springframework/aop/config/spring-aop-3.2.xsd, http://www.springframework.org/schema/tool/spring-tool.xsd=org/springframework/beans/factory/xml/spring-tool-4.0.xsd, http://mybatis.org/schema/mybatis-spring-1.2.xsd=org/mybatis/spring/config/mybatis-spring-1.2.xsd, http://www.springframework.org/schema/context/spring-context-4.0.xsd=org/springframework/context/config/spring-context-4.0.xsd, http://www.springframework.org/schema/mvc/spring-mvc-3.2.xsd=org/springframework/web/servlet/config/spring-mvc-3.2.xsd, http://www.springframework.org/schema/lang/spring-lang-3.2.xsd=org/springframework/scripting/config/spring-lang-3.2.xsd, http://www.springframework.org/schema/cache/spring-cache-3.2.xsd=org/springframework/cache/config/spring-cache-3.2.xsd, http://www.springframework.org/schema/jdbc/spring-jdbc-3.1.xsd=org/springframework/jdbc/config/spring-jdbc-3.1.xsd, http://www.springframework.org/schema/util/spring-util-2.0.xsd=org/springframework/beans/factory/xml/spring-util-2.0.xsd, http://www.springframework.org/schema/tool/spring-tool-3.2.xsd=org/springframework/beans/factory/xml/spring-tool-3.2.xsd, http://www.springframework.org/schema/context/spring-context.xsd=org/springframework/context/config/spring-context-4.0.xsd, http://www.springframework.org/schema/aop/spring-aop-4.0.xsd=org/springframework/aop/config/spring-aop-4.0.xsd, http://www.springframework.org/schema/jee/spring-jee-3.2.xsd=org/springframework/ejb/config/spring-jee-3.2.xsd, http://www.springframework.org/schema/context/spring-context-3.0.xsd=org/springframework/context/config/spring-context-3.0.xsd, http://www.springframework.org/schema/jdbc/spring-jdbc-4.0.xsd=org/springframework/jdbc/config/spring-jdbc-4.0.xsd, http://www.springframework.org/schema/util/spring-util-2.5.xsd=org/springframework/beans/factory/xml/spring-util-2.5.xsd, http://www.springframework.org/schema/mvc/spring-mvc-4.0.xsd=org/springframework/web/servlet/config/spring-mvc-4.0.xsd, http://www.springframework.org/schema/beans/spring-beans-3.2.xsd=org/springframework/beans/factory/xml/spring-beans-3.2.xsd, http://www.springframework.org/schema/aop/spring-aop-3.1.xsd=org/springframework/aop/config/spring-aop-3.1.xsd, http://www.springframework.org/schema/lang/spring-lang-4.0.xsd=org/springframework/scripting/config/spring-lang-4.0.xsd, http://www.springframework.org/schema/mvc/spring-mvc.xsd=org/springframework/web/servlet/config/spring-mvc-4.0.xsd, http://www.springframework.org/schema/mvc/spring-mvc-3.1.xsd=org/springframework/web/servlet/config/spring-mvc-3.1.xsd, http://www.springframework.org/schema/tool/spring-tool-4.0.xsd=org/springframework/beans/factory/xml/spring-tool-4.0.xsd, http://www.springframework.org/schema/lang/spring-lang-3.1.xsd=org/springframework/scripting/config/spring-lang-3.1.xsd, http://www.springframework.org/schema/tx/spring-tx-3.2.xsd=org/springframework/transaction/config/spring-tx-3.2.xsd, http://www.springframework.org/schema/cache/spring-cache-3.1.xsd=org/springframework/cache/config/spring-cache-3.1.xsd, http://www.springframework.org/schema/jee/spring-jee-4.0.xsd=org/springframework/ejb/config/spring-jee-4.0.xsd, http://www.springframework.org/schema/jdbc/spring-jdbc-3.0.xsd=org/springframework/jdbc/config/spring-jdbc-3.0.xsd, http://www.springframework.org/schema/jdbc/spring-jdbc.xsd=org/springframework/jdbc/config/spring-jdbc-4.0.xsd, http://www.springframework.org/schema/tool/spring-tool-3.1.xsd=org/springframework/beans/factory/xml/spring-tool-3.1.xsd, http://www.springframework.org/schema/cache/spring-cache-4.0.xsd=org/springframework/cache/config/spring-cache-4.0.xsd, http://www.springframework.org/schema/jee/spring-jee-3.1.xsd=org/springframework/ejb/config/spring-jee-3.1.xsd, http://www.springframework.org/schema/task/spring-task-3.2.xsd=org/springframework/scheduling/config/spring-task-3.2.xsd, http://www.springframework.org/schema/beans/spring-beans-3.1.xsd=org/springframework/beans/factory/xml/spring-beans-3.1.xsd, http://www.springframework.org/schema/util/spring-util.xsd=org/springframework/beans/factory/xml/spring-util-4.0.xsd, http://www.springframework.org/schema/aop/spring-aop-3.0.xsd=org/springframework/aop/config/spring-aop-3.0.xsd, http://www.springframework.org/schema/mvc/spring-mvc-3.0.xsd=org/springframework/web/servlet/config/spring-mvc-3.0.xsd, http://www.springframework.org/schema/beans/spring-beans-4.0.xsd=org/springframework/beans/factory/xml/spring-beans-4.0.xsd, http://www.springframework.org/schema/beans/spring-beans.xsd=org/springframework/beans/factory/xml/spring-beans-4.0.xsd, http://www.springframework.org/schema/lang/spring-lang-3.0.xsd=org/springframework/scripting/config/spring-lang-3.0.xsd, http://www.springframework.org/schema/tx/spring-tx-3.1.xsd=org/springframework/transaction/config/spring-tx-3.1.xsd, http://mybatis.org/schema/mybatis-spring.xsd=org/mybatis/spring/config/mybatis-spring-1.2.xsd, http://www.springframework.org/schema/context/spring-context-2.5.xsd=org/springframework/context/config/spring-context-2.5.xsd, http://www.springframework.org/schema/task/spring-task-4.0.xsd=org/springframework/scheduling/config/spring-task-4.0.xsd, http://www.springframework.org/schema/tool/spring-tool-3.0.xsd=org/springframework/beans/factory/xml/spring-tool-3.0.xsd, http://www.springframework.org/schema/tx/spring-tx-4.0.xsd=org/springframework/transaction/config/spring-tx-4.0.xsd, http://www.springframework.org/schema/aop/spring-aop-2.0.xsd=org/springframework/aop/config/spring-aop-2.0.xsd, http://www.springframework.org/schema/jee/spring-jee-3.0.xsd=org/springframework/ejb/config/spring-jee-3.0.xsd, http://www.springframework.org/schema/task/spring-task-3.1.xsd=org/springframework/scheduling/config/spring-task-3.1.xsd, http://www.springframework.org/schema/beans/spring-beans-3.0.xsd=org/springframework/beans/factory/xml/spring-beans-3.0.xsd, http://www.springframework.org/schema/jee/spring-jee.xsd=org/springframework/ejb/config/spring-jee-4.0.xsd, http://www.springframework.org/schema/aop/spring-aop-2.5.xsd=org/springframework/aop/config/spring-aop-2.5.xsd, http://www.springframework.org/schema/lang/spring-lang-2.0.xsd=org/springframework/scripting/config/spring-lang-2.0.xsd, http://www.springframework.org/schema/util/spring-util-3.2.xsd=org/springframework/beans/factory/xml/spring-util-3.2.xsd, http://www.springframework.org/schema/task/spring-task.xsd=org/springframework/scheduling/config/spring-task-4.0.xsd, http://www.springframework.org/schema/tool/spring-tool-2.0.xsd=org/springframework/beans/factory/xml/spring-tool-2.0.xsd, http://www.springframework.org/schema/tx/spring-tx-3.0.xsd=org/springframework/transaction/config/spring-tx-3.0.xsd, http://www.springframework.org/schema/lang/spring-lang-2.5.xsd=org/springframework/scripting/config/spring-lang-2.5.xsd, http://www.springframework.org/schema/jee/spring-jee-2.0.xsd=org/springframework/ejb/config/spring-jee-2.0.xsd, http://www.springframework.org/schema/tool/spring-tool-2.5.xsd=org/springframework/beans/factory/xml/spring-tool-2.5.xsd, http://www.springframework.org/schema/jee/spring-jee-2.5.xsd=org/springframework/ejb/config/spring-jee-2.5.xsd, http://www.springframework.org/schema/util/spring-util-4.0.xsd=org/springframework/beans/factory/xml/spring-util-4.0.xsd, http://www.springframework.org/schema/task/spring-task-3.0.xsd=org/springframework/scheduling/config/spring-task-3.0.xsd, http://www.springframework.org/schema/lang/spring-lang.xsd=org/springframework/scripting/config/spring-lang-4.0.xsd, http://www.springframework.org/schema/context/spring-context-3.2.xsd=org/springframework/context/config/spring-context-3.2.xsd, http://www.springframework.org/schema/util/spring-util-3.1.xsd=org/springframework/beans/factory/xml/spring-util-3.1.xsd, http://www.springframework.org/schema/beans/spring-beans-2.0.xsd=org/springframework/beans/factory/xml/spring-beans-2.0.xsd, http://www.springframework.org/schema/cache/spring-cache.xsd=org/springframework/cache/config/spring-cache-4.0.xsd, http://www.springframework.org/schema/tx/spring-tx.xsd=org/springframework/transaction/config/spring-tx-4.0.xsd, http://www.springframework.org/schema/beans/spring-beans-2.5.xsd=org/springframework/beans/factory/xml/spring-beans-2.5.xsd, http://www.springframework.org/schema/tx/spring-tx-2.0.xsd=org/springframework/transaction/config/spring-tx-2.0.xsd, http://www.springframework.org/schema/jdbc/spring-jdbc-3.2.xsd=org/springframework/jdbc/config/spring-jdbc-3.2.xsd, http://www.springframework.org/schema/aop/spring-aop.xsd=org/springframework/aop/config/spring-aop-4.0.xsd}
[D][21:04:11]Found XML schema [http://www.springframework.org/schema/beans/spring-beans.xsd] in classpath: org/springframework/beans/factory/xml/spring-beans-4.0.xsd
[D][21:04:16]Loading bean definitions
[D][21:04:16]Loaded NamespaceHandler mappings: {http://www.springframework.org/schema/p=org.springframework.beans.factory.xml.SimplePropertyNamespaceHandler, http://www.springframework.org/schema/mvc=org.springframework.web.servlet.config.MvcNamespaceHandler, http://www.springframework.org/schema/util=org.springframework.beans.factory.xml.UtilNamespaceHandler, http://www.springframework.org/schema/jee=org.springframework.ejb.config.JeeNamespaceHandler, http://www.springframework.org/schema/aop=org.springframework.aop.config.AopNamespaceHandler, http://www.springframework.org/schema/jdbc=org.springframework.jdbc.config.JdbcNamespaceHandler, http://www.springframework.org/schema/cache=org.springframework.cache.config.CacheNamespaceHandler, http://mybatis.org/schema/mybatis-spring=org.mybatis.spring.config.NamespaceHandler, http://www.springframework.org/schema/c=org.springframework.beans.factory.xml.SimpleConstructorNamespaceHandler, http://www.springframework.org/schema/tx=org.springframework.transaction.config.TxNamespaceHandler, http://www.springframework.org/schema/task=org.springframework.scheduling.config.TaskNamespaceHandler, http://www.springframework.org/schema/lang=org.springframework.scripting.config.LangNamespaceHandler, http://www.springframework.org/schema/context=org.springframework.context.config.ContextNamespaceHandler}
[D][21:04:16]Adding [systemProperties] PropertySource with lowest search precedence
[D][21:04:16]Adding [systemEnvironment] PropertySource with lowest search precedence
[D][21:04:16]Initialized StandardEnvironment with PropertySources [systemProperties,systemEnvironment]
[D][21:04:16]JSR-250 'javax.annotation.ManagedBean' found and supported for component scanning
[D][21:04:16]Looking for matching resources in directory tree [G:\WorkedCompany\yanhuaProject\src\repairs\ttrh_repairs_manager\target\classes\com\ttrh\repairs]
[D][21:04:16]Searching directory [G:\WorkedCompany\yanhuaProject\src\repairs\ttrh_repairs_manager\target\classes\com\ttrh\repairs] for files matching pattern [G:/WorkedCompany/yanhuaProject/src/repairs/ttrh_repairs_manager/target/classes/com/ttrh/repairs/**/*.class]
[D][21:04:16]Searching directory [G:\WorkedCompany\yanhuaProject\src\repairs\ttrh_repairs_manager\target\classes\com\ttrh\repairs\control] for files matching pattern [G:/WorkedCompany/yanhuaProject/src/repairs/ttrh_repairs_manager/target/classes/com/ttrh/repairs/**/*.class]
[D][21:04:16]Looking for matching resources in directory tree [G:\WorkedCompany\yanhuaProject\src\repairs\ttrh_repairs_data\target\classes\com\ttrh\repairs]
[D][21:04:16]Searching directory [G:\WorkedCompany\yanhuaProject\src\repairs\ttrh_repairs_data\target\classes\com\ttrh\repairs] for files matching pattern [G:/WorkedCompany/yanhuaProject/src/repairs/ttrh_repairs_data/target/classes/com/ttrh/repairs/**/*.class]
[D][21:04:16]Searching directory [G:\WorkedCompany\yanhuaProject\src\repairs\ttrh_repairs_data\target\classes\com\ttrh\repairs\dao] for files matching pattern [G:/WorkedCompany/yanhuaProject/src/repairs/ttrh_repairs_data/target/classes/com/ttrh/repairs/**/*.class]
[D][21:04:16]Searching directory [G:\WorkedCompany\yanhuaProject\src\repairs\ttrh_repairs_data\target\classes\com\ttrh\repairs\entity] for files matching pattern [G:/WorkedCompany/yanhuaProject/src/repairs/ttrh_repairs_data/target/classes/com/ttrh/repairs/**/*.class]
[D][21:04:16]Searching directory [G:\WorkedCompany\yanhuaProject\src\repairs\ttrh_repairs_data\target\classes\com\ttrh\repairs\mysqlMapper] for files matching pattern [G:/WorkedCompany/yanhuaProject/src/repairs/ttrh_repairs_data/target/classes/com/ttrh/repairs/**/*.class]
[D][21:04:16]Searching directory [G:\WorkedCompany\yanhuaProject\src\repairs\ttrh_repairs_data\target\classes\com\ttrh\repairs\service] for files matching pattern [G:/WorkedCompany/yanhuaProject/src/repairs/ttrh_repairs_data/target/classes/com/ttrh/repairs/**/*.class]
[D][21:04:16]Searching directory [G:\WorkedCompany\yanhuaProject\src\repairs\ttrh_repairs_data\target\classes\com\ttrh\repairs\service\impl] for files matching pattern [G:/WorkedCompany/yanhuaProject/src/repairs/ttrh_repairs_data/target/classes/com/ttrh/repairs/**/*.class]
[D][21:04:16]Searching directory [G:\WorkedCompany\yanhuaProject\src\repairs\ttrh_repairs_data\target\classes\com\ttrh\repairs\utils] for files matching pattern [G:/WorkedCompany/yanhuaProject/src/repairs/ttrh_repairs_data/target/classes/com/ttrh/repairs/**/*.class]
[D][21:04:16]Resolved location pattern [classpath*:com/ttrh/repairs/**/*.class] to resources [file [G:\WorkedCompany\yanhuaProject\src\repairs\ttrh_repairs_manager\target\classes\com\ttrh\repairs\control\BaseAction.class], file [G:\WorkedCompany\yanhuaProject\src\repairs\ttrh_repairs_manager\target\classes\com\ttrh\repairs\control\IndexAction.class], file [G:\WorkedCompany\yanhuaProject\src\repairs\ttrh_repairs_manager\target\classes\com\ttrh\repairs\control\LoginAction.class], file [G:\WorkedCompany\yanhuaProject\src\repairs\ttrh_repairs_data\target\classes\com\ttrh\repairs\dao\DepartmentDao.class], file [G:\WorkedCompany\yanhuaProject\src\repairs\ttrh_repairs_data\target\classes\com\ttrh\repairs\dao\RepairsDao.class], file [G:\WorkedCompany\yanhuaProject\src\repairs\ttrh_repairs_data\target\classes\com\ttrh\repairs\dao\UGroupDao.class], file [G:\WorkedCompany\yanhuaProject\src\repairs\ttrh_repairs_data\target\classes\com\ttrh\repairs\dao\UserDao.class], file [G:\WorkedCompany\yanhuaProject\src\repairs\ttrh_repairs_data\target\classes\com\ttrh\repairs\entity\Department.class], file [G:\WorkedCompany\yanhuaProject\src\repairs\ttrh_repairs_data\target\classes\com\ttrh\repairs\entity\Repairs.class], file [G:\WorkedCompany\yanhuaProject\src\repairs\ttrh_repairs_data\target\classes\com\ttrh\repairs\entity\UGroup.class], file [G:\WorkedCompany\yanhuaProject\src\repairs\ttrh_repairs_data\target\classes\com\ttrh\repairs\entity\User.class], file [G:\WorkedCompany\yanhuaProject\src\repairs\ttrh_repairs_data\target\classes\com\ttrh\repairs\service\IDepartmentService.class], file [G:\WorkedCompany\yanhuaProject\src\repairs\ttrh_repairs_data\target\classes\com\ttrh\repairs\service\impl\DepartmentServiceImpl.class], file [G:\WorkedCompany\yanhuaProject\src\repairs\ttrh_repairs_data\target\classes\com\ttrh\repairs\service\impl\RepairsServiceImpl.class], file [G:\WorkedCompany\yanhuaProject\src\repairs\ttrh_repairs_data\target\classes\com\ttrh\repairs\service\impl\UGroupService.class], file [G:\WorkedCompany\yanhuaProject\src\repairs\ttrh_repairs_data\target\classes\com\ttrh\repairs\service\impl\UserServiceImpl.class], file [G:\WorkedCompany\yanhuaProject\src\repairs\ttrh_repairs_data\target\classes\com\ttrh\repairs\service\IRepairsService.class], file [G:\WorkedCompany\yanhuaProject\src\repairs\ttrh_repairs_data\target\classes\com\ttrh\repairs\service\IUGroupService.class], file [G:\WorkedCompany\yanhuaProject\src\repairs\ttrh_repairs_data\target\classes\com\ttrh\repairs\service\IUserService.class], file [G:\WorkedCompany\yanhuaProject\src\repairs\ttrh_repairs_data\target\classes\com\ttrh\repairs\utils\ApplicationContextUtil.class], file [G:\WorkedCompany\yanhuaProject\src\repairs\ttrh_repairs_data\target\classes\com\ttrh\repairs\utils\IdUtil.class], file [G:\WorkedCompany\yanhuaProject\src\repairs\ttrh_repairs_data\target\classes\com\ttrh\repairs\utils\Md5Util.class]]
[D][21:04:16]Identified candidate component class: file [G:\WorkedCompany\yanhuaProject\src\repairs\ttrh_repairs_manager\target\classes\com\ttrh\repairs\control\IndexAction.class]
[D][21:04:16]Identified candidate component class: file [G:\WorkedCompany\yanhuaProject\src\repairs\ttrh_repairs_manager\target\classes\com\ttrh\repairs\control\LoginAction.class]
[D][21:04:16]Ignored because not a concrete top-level class: file [G:\WorkedCompany\yanhuaProject\src\repairs\ttrh_repairs_data\target\classes\com\ttrh\repairs\dao\RepairsDao.class]
[D][21:04:16]Identified candidate component class: file [G:\WorkedCompany\yanhuaProject\src\repairs\ttrh_repairs_data\target\classes\com\ttrh\repairs\service\impl\RepairsServiceImpl.class]
[D][21:04:16]Identified candidate component class: file [G:\WorkedCompany\yanhuaProject\src\repairs\ttrh_repairs_data\target\classes\com\ttrh\repairs\service\impl\UGroupService.class]
[D][21:04:16]Identified candidate component class: file [G:\WorkedCompany\yanhuaProject\src\repairs\ttrh_repairs_data\target\classes\com\ttrh\repairs\service\impl\UserServiceImpl.class]
[D][21:04:16]Loaded 23 bean definitions from location pattern [classpath:context-dispatcher.xml]
[D][21:04:16]Bean factory for WebApplicationContext for namespace 'spring-servlet': org.springframework.beans.factory.support.DefaultListableBeanFactory@748284d7: defining beans [org.springframework.context.annotation.internalConfigurationAnnotationProcessor,org.springframework.context.annotation.internalAutowiredAnnotationProcessor,org.springframework.context.annotation.internalRequiredAnnotationProcessor,org.springframework.context.annotation.internalCommonAnnotationProcessor,indexAction,loginAction,repairsServiceImpl,ugroupServiceImpl,userServiceImpl,mvcContentNegotiationManager,org.springframework.web.servlet.mvc.method.annotation.RequestMappingHandlerMapping#0,org.springframework.format.support.FormattingConversionServiceFactoryBean#0,org.springframework.web.servlet.mvc.method.annotation.RequestMappingHandlerAdapter#0,mvcUriComponentsContributor,org.springframework.web.servlet.handler.MappedInterceptor#0,org.springframework.web.servlet.mvc.method.annotation.ExceptionHandlerExceptionResolver#0,org.springframework.web.servlet.mvc.annotation.ResponseStatusExceptionResolver#0,org.springframework.web.servlet.mvc.support.DefaultHandlerExceptionResolver#0,org.springframework.web.servlet.handler.BeanNameUrlHandlerMapping,org.springframework.web.servlet.mvc.HttpRequestHandlerAdapter,org.springframework.web.servlet.mvc.SimpleControllerHandlerAdapter,viewResolver,multipartResolver]; parent: org.springframework.beans.factory.support.DefaultListableBeanFactory@7a527389
[D][21:04:16]Creating shared instance of singleton bean 'org.springframework.context.annotation.internalConfigurationAnnotationProcessor'
[D][21:04:16]Creating instance of bean 'org.springframework.context.annotation.internalConfigurationAnnotationProcessor'
[D][21:04:16]Eagerly caching bean 'org.springframework.context.annotation.internalConfigurationAnnotationProcessor' to allow for resolving potential circular references
[D][21:04:16]Finished creating instance of bean 'org.springframework.context.annotation.internalConfigurationAnnotationProcessor'
[D][21:04:16]Creating shared instance of singleton bean 'org.springframework.context.annotation.internalAutowiredAnnotationProcessor'
[D][21:04:16]Creating instance of bean 'org.springframework.context.annotation.internalAutowiredAnnotationProcessor'
[D][21:04:16]Eagerly caching bean 'org.springframework.context.annotation.internalAutowiredAnnotationProcessor' to allow for resolving potential circular references
[D][21:04:16]Finished creating instance of bean 'org.springframework.context.annotation.internalAutowiredAnnotationProcessor'
[D][21:04:16]Creating shared instance of singleton bean 'org.springframework.context.annotation.internalRequiredAnnotationProcessor'
[D][21:04:16]Creating instance of bean 'org.springframework.context.annotation.internalRequiredAnnotationProcessor'
[D][21:04:16]Eagerly caching bean 'org.springframework.context.annotation.internalRequiredAnnotationProcessor' to allow for resolving potential circular references
[D][21:04:16]Finished creating instance of bean 'org.springframework.context.annotation.internalRequiredAnnotationProcessor'
[D][21:04:16]Creating shared instance of singleton bean 'org.springframework.context.annotation.internalCommonAnnotationProcessor'
[D][21:04:16]Creating instance of bean 'org.springframework.context.annotation.internalCommonAnnotationProcessor'
[D][21:04:16]Eagerly caching bean 'org.springframework.context.annotation.internalCommonAnnotationProcessor' to allow for resolving potential circular references
[D][21:04:16]Finished creating instance of bean 'org.springframework.context.annotation.internalCommonAnnotationProcessor'
[D][21:04:16]Creating shared instance of singleton bean 'org.springframework.context.annotation.ConfigurationClassPostProcessor.importAwareProcessor'
[D][21:04:16]Creating instance of bean 'org.springframework.context.annotation.ConfigurationClassPostProcessor.importAwareProcessor'
[D][21:04:16]Eagerly caching bean 'org.springframework.context.annotation.ConfigurationClassPostProcessor.importAwareProcessor' to allow for resolving potential circular references
[D][21:04:16]Finished creating instance of bean 'org.springframework.context.annotation.ConfigurationClassPostProcessor.importAwareProcessor'
[D][21:04:16]Creating shared instance of singleton bean 'org.springframework.context.annotation.ConfigurationClassPostProcessor.enhancedConfigurationProcessor'
[D][21:04:16]Creating instance of bean 'org.springframework.context.annotation.ConfigurationClassPostProcessor.enhancedConfigurationProcessor'
[D][21:04:16]Eagerly caching bean 'org.springframework.context.annotation.ConfigurationClassPostProcessor.enhancedConfigurationProcessor' to allow for resolving potential circular references
[D][21:04:16]Finished creating instance of bean 'org.springframework.context.annotation.ConfigurationClassPostProcessor.enhancedConfigurationProcessor'
[D][21:04:16]Unable to locate MessageSource with name 'messageSource': using default [org.springframework.context.support.DelegatingMessageSource@67143616]
[D][21:04:16]Unable to locate ApplicationEventMulticaster with name 'applicationEventMulticaster': using default [org.springframework.context.event.SimpleApplicationEventMulticaster@506a9b22]
[D][21:04:16]Unable to locate ThemeSource with name 'themeSource': using default [org.springframework.ui.context.support.DelegatingThemeSource@27fc9863]
[D][21:04:16]Pre-instantiating singletons in org.springframework.beans.factory.support.DefaultListableBeanFactory@748284d7: defining beans [org.springframework.context.annotation.internalConfigurationAnnotationProcessor,org.springframework.context.annotation.internalAutowiredAnnotationProcessor,org.springframework.context.annotation.internalRequiredAnnotationProcessor,org.springframework.context.annotation.internalCommonAnnotationProcessor,indexAction,loginAction,repairsServiceImpl,ugroupServiceImpl,userServiceImpl,mvcContentNegotiationManager,org.springframework.web.servlet.mvc.method.annotation.RequestMappingHandlerMapping#0,org.springframework.format.support.FormattingConversionServiceFactoryBean#0,org.springframework.web.servlet.mvc.method.annotation.RequestMappingHandlerAdapter#0,mvcUriComponentsContributor,org.springframework.web.servlet.handler.MappedInterceptor#0,org.springframework.web.servlet.mvc.method.annotation.ExceptionHandlerExceptionResolver#0,org.springframework.web.servlet.mvc.annotation.ResponseStatusExceptionResolver#0,org.springframework.web.servlet.mvc.support.DefaultHandlerExceptionResolver#0,org.springframework.web.servlet.handler.BeanNameUrlHandlerMapping,org.springframework.web.servlet.mvc.HttpRequestHandlerAdapter,org.springframework.web.servlet.mvc.SimpleControllerHandlerAdapter,viewResolver,multipartResolver,org.springframework.context.annotation.ConfigurationClassPostProcessor.importAwareProcessor,org.springframework.context.annotation.ConfigurationClassPostProcessor.enhancedConfigurationProcessor]; parent: org.springframework.beans.factory.support.DefaultListableBeanFactory@7a527389
[D][21:04:16]Returning cached instance of singleton bean 'org.springframework.context.annotation.internalConfigurationAnnotationProcessor'
[D][21:04:16]Returning cached instance of singleton bean 'org.springframework.context.annotation.internalAutowiredAnnotationProcessor'
[D][21:04:16]Returning cached instance of singleton bean 'org.springframework.context.annotation.internalRequiredAnnotationProcessor'
[D][21:04:16]Returning cached instance of singleton bean 'org.springframework.context.annotation.internalCommonAnnotationProcessor'
[D][21:04:16]Creating shared instance of singleton bean 'indexAction'
[D][21:04:16]Creating instance of bean 'indexAction'
[D][21:04:16]Eagerly caching bean 'indexAction' to allow for resolving potential circular references
[D][21:04:16]Finished creating instance of bean 'indexAction'
[D][21:04:16]Creating shared instance of singleton bean 'loginAction'
[D][21:04:16]Creating instance of bean 'loginAction'
[D][21:04:16]Returning cached instance of singleton bean 'userServiceImpl'
[D][21:04:16]Registered injected element on class [com.ttrh.repairs.control.LoginAction]: ResourceElement for private com.ttrh.repairs.service.IUserService com.ttrh.repairs.control.LoginAction.userService
[D][21:04:16]Eagerly caching bean 'loginAction' to allow for resolving potential circular references
[D][21:04:16]Processing injected method of bean 'loginAction': ResourceElement for private com.ttrh.repairs.service.IUserService com.ttrh.repairs.control.LoginAction.userService
[D][21:04:16]Creating shared instance of singleton bean 'userServiceImpl'
[D][21:04:16]Creating instance of bean 'userServiceImpl'
[D][21:04:16]Registered injected element on class [com.ttrh.repairs.service.impl.UserServiceImpl]: AutowiredFieldElement for public com.ttrh.repairs.dao.UserDao com.ttrh.repairs.service.impl.UserServiceImpl.userDao
[D][21:04:16]Eagerly caching bean 'userServiceImpl' to allow for resolving potential circular references
[D][21:04:16]Processing injected method of bean 'userServiceImpl': AutowiredFieldElement for public com.ttrh.repairs.dao.UserDao com.ttrh.repairs.service.impl.UserServiceImpl.userDao
[D][21:04:16]Returning cached instance of singleton bean 'userDao'
[D][21:04:16]Autowiring by type from bean name 'userServiceImpl' to bean named 'userDao'
[D][21:04:16]Finished creating instance of bean 'userServiceImpl'
[D][21:04:16]Finished creating instance of bean 'loginAction'
[D][21:04:16]Creating shared instance of singleton bean 'repairsServiceImpl'
[D][21:04:16]Creating instance of bean 'repairsServiceImpl'
[D][21:04:16]Registered injected element on class [com.ttrh.repairs.service.impl.RepairsServiceImpl]: AutowiredFieldElement for public com.ttrh.repairs.dao.RepairsDao com.ttrh.repairs.service.impl.RepairsServiceImpl.repairsDao
[D][21:04:16]Eagerly caching bean 'repairsServiceImpl' to allow for resolving potential circular references
[D][21:04:16]Processing injected method of bean 'repairsServiceImpl': AutowiredFieldElement for public com.ttrh.repairs.dao.RepairsDao com.ttrh.repairs.service.impl.RepairsServiceImpl.repairsDao
[D][21:04:16]Returning cached instance of singleton bean 'repairsDao'
[D][21:04:16]Autowiring by type from bean name 'repairsServiceImpl' to bean named 'repairsDao'
[D][21:04:16]Finished creating instance of bean 'repairsServiceImpl'
[D][21:04:16]Creating shared instance of singleton bean 'ugroupServiceImpl'
[D][21:04:16]Creating instance of bean 'ugroupServiceImpl'
[D][21:04:16]Registered injected element on class [com.ttrh.repairs.service.impl.UGroupService]: AutowiredFieldElement for private com.ttrh.repairs.dao.UGroupDao com.ttrh.repairs.service.impl.UGroupService.ugroupDao
[D][21:04:16]Eagerly caching bean 'ugroupServiceImpl' to allow for resolving potential circular references
[D][21:04:16]Processing injected method of bean 'ugroupServiceImpl': AutowiredFieldElement for private com.ttrh.repairs.dao.UGroupDao com.ttrh.repairs.service.impl.UGroupService.ugroupDao
[D][21:04:16]Returning cached instance of singleton bean 'UGroupDao'
[D][21:04:16]Autowiring by type from bean name 'ugroupServiceImpl' to bean named 'UGroupDao'
[D][21:04:16]Finished creating instance of bean 'ugroupServiceImpl'
[D][21:04:16]Returning cached instance of singleton bean 'userServiceImpl'
[D][21:04:16]Creating shared instance of singleton bean 'mvcContentNegotiationManager'
[D][21:04:16]Creating instance of bean 'mvcContentNegotiationManager'
[D][21:04:16]Eagerly caching bean 'mvcContentNegotiationManager' to allow for resolving potential circular references
[D][21:04:16]Invoking afterPropertiesSet() on bean with name 'mvcContentNegotiationManager'
[D][21:04:16]Finished creating instance of bean 'mvcContentNegotiationManager'
[D][21:04:16]Creating shared instance of singleton bean 'org.springframework.web.servlet.mvc.method.annotation.RequestMappingHandlerMapping#0'
[D][21:04:16]Creating instance of bean 'org.springframework.web.servlet.mvc.method.annotation.RequestMappingHandlerMapping#0'
[D][21:04:16]Eagerly caching bean 'org.springframework.web.servlet.mvc.method.annotation.RequestMappingHandlerMapping#0' to allow for resolving potential circular references
[D][21:04:17]Returning cached instance of singleton bean 'mvcContentNegotiationManager'
[D][21:04:17]Creating shared instance of singleton bean 'org.springframework.web.servlet.handler.MappedInterceptor#0'
[D][21:04:17]Creating instance of bean 'org.springframework.web.servlet.handler.MappedInterceptor#0'
[D][21:04:17]Creating instance of bean '(inner bean)#1d7e58b1'
[D][21:04:17]Creating shared instance of singleton bean 'org.springframework.format.support.FormattingConversionServiceFactoryBean#0'
[D][21:04:17]Creating instance of bean 'org.springframework.format.support.FormattingConversionServiceFactoryBean#0'
[D][21:04:17]Eagerly caching bean 'org.springframework.format.support.FormattingConversionServiceFactoryBean#0' to allow for resolving potential circular references
[D][21:04:17]Invoking afterPropertiesSet() on bean with name 'org.springframework.format.support.FormattingConversionServiceFactoryBean#0'
[D][21:04:17]Finished creating instance of bean 'org.springframework.format.support.FormattingConversionServiceFactoryBean#0'
[D][21:04:17]Finished creating instance of bean '(inner bean)#1d7e58b1'
[D][21:04:17]No property editor [org.springframework.web.context.request.WebRequestInterceptorEditor] found for type org.springframework.web.context.request.WebRequestInterceptor according to 'Editor' suffix convention
[D][21:04:17]Eagerly caching bean 'org.springframework.web.servlet.handler.MappedInterceptor#0' to allow for resolving potential circular references
[D][21:04:17]Finished creating instance of bean 'org.springframework.web.servlet.handler.MappedInterceptor#0'
[D][21:04:17]Invoking afterPropertiesSet() on bean with name 'org.springframework.web.servlet.mvc.method.annotation.RequestMappingHandlerMapping#0'
[D][21:04:17]Looking for request mappings in application context: WebApplicationContext for namespace 'spring-servlet': startup date [Tue Nov 10 21:04:11 CST 2015]; parent: Root WebApplicationContext
[D][21:04:17]Mapped "{[/views/indexview/index.html],methods=[],params=[],headers=[],consumes=[],produces=[],custom=[]}" onto public org.springframework.web.servlet.ModelAndView com.ttrh.repairs.control.IndexAction.index(org.springframework.ui.Model)
[D][21:04:17]Mapped "{[//login.html],methods=[],params=[],headers=[],consumes=[],produces=[],custom=[]}" onto public org.springframework.web.servlet.ModelAndView com.ttrh.repairs.control.LoginAction.login(org.springframework.ui.Model)
[D][21:04:17]Finished creating instance of bean 'org.springframework.web.servlet.mvc.method.annotation.RequestMappingHandlerMapping#0'
[D][21:04:17]Returning cached instance of singleton bean 'org.springframework.format.support.FormattingConversionServiceFactoryBean#0'
[D][21:04:17]Creating shared instance of singleton bean 'org.springframework.web.servlet.mvc.method.annotation.RequestMappingHandlerAdapter#0'
[D][21:04:17]Creating instance of bean 'org.springframework.web.servlet.mvc.method.annotation.RequestMappingHandlerAdapter#0'
[D][21:04:17]Eagerly caching bean 'org.springframework.web.servlet.mvc.method.annotation.RequestMappingHandlerAdapter#0' to allow for resolving potential circular references
[D][21:04:17]Returning cached instance of singleton bean 'mvcContentNegotiationManager'
[D][21:04:17]Creating instance of bean '(inner bean)#3516f2d1'
[D][21:04:17]Returning cached instance of singleton bean 'org.springframework.format.support.FormattingConversionServiceFactoryBean#0'
[D][21:04:17]Finished creating instance of bean '(inner bean)#3516f2d1'
[D][21:04:17]Creating instance of bean '(inner bean)#232b122e'
[D][21:04:17]Finished creating instance of bean '(inner bean)#232b122e'
[D][21:04:17]Creating instance of bean '(inner bean)#1580dd38'
[D][21:04:17]Finished creating instance of bean '(inner bean)#1580dd38'
[D][21:04:17]Creating instance of bean '(inner bean)#73e8d44c'
[D][21:04:17]Finished creating instance of bean '(inner bean)#73e8d44c'
[D][21:04:17]Creating instance of bean '(inner bean)#6092ae14'
[D][21:04:17]Finished creating instance of bean '(inner bean)#6092ae14'
[D][21:04:17]Creating instance of bean '(inner bean)#49c1c5e4'
[D][21:04:17]Finished creating instance of bean '(inner bean)#49c1c5e4'
[D][21:04:17]Creating instance of bean '(inner bean)#7e029b47'
[D][21:04:18]Finished creating instance of bean '(inner bean)#7e029b47'
[D][21:04:18]Invoking afterPropertiesSet() on bean with name 'org.springframework.web.servlet.mvc.method.annotation.RequestMappingHandlerAdapter#0'
[D][21:04:18]Looking for controller advice: WebApplicationContext for namespace 'spring-servlet': startup date [Tue Nov 10 21:04:11 CST 2015]; parent: Root WebApplicationContext
[D][21:04:18]Finished creating instance of bean 'org.springframework.web.servlet.mvc.method.annotation.RequestMappingHandlerAdapter#0'
[D][21:04:18]Creating shared instance of singleton bean 'mvcUriComponentsContributor'
[D][21:04:18]Creating instance of bean 'mvcUriComponentsContributor'
[D][21:04:18]Eagerly caching bean 'mvcUriComponentsContributor' to allow for resolving potential circular references
[D][21:04:18]Creating instance of bean '(inner bean)#439dafbf'
[D][21:04:18]Returning cached instance of singleton bean 'mvcContentNegotiationManager'
[D][21:04:18]Creating instance of bean '(inner bean)#3516f2d1#1'
[D][21:04:18]Returning cached instance of singleton bean 'org.springframework.format.support.FormattingConversionServiceFactoryBean#0'
[D][21:04:18]Finished creating instance of bean '(inner bean)#3516f2d1#1'
[D][21:04:18]Creating instance of bean '(inner bean)#232b122e#1'
[D][21:04:18]Finished creating instance of bean '(inner bean)#232b122e#1'
[D][21:04:18]Creating instance of bean '(inner bean)#1580dd38#1'
[D][21:04:18]Finished creating instance of bean '(inner bean)#1580dd38#1'
[D][21:04:18]Creating instance of bean '(inner bean)#73e8d44c#1'
[D][21:04:18]Finished creating instance of bean '(inner bean)#73e8d44c#1'
[D][21:04:18]Creating instance of bean '(inner bean)#6092ae14#1'
[D][21:04:18]Finished creating instance of bean '(inner bean)#6092ae14#1'
[D][21:04:18]Creating instance of bean '(inner bean)#49c1c5e4#1'
[D][21:04:18]Finished creating instance of bean '(inner bean)#49c1c5e4#1'
[D][21:04:18]Creating instance of bean '(inner bean)#7e029b47#1'
[D][21:04:18]Finished creating instance of bean '(inner bean)#7e029b47#1'
[D][21:04:18]Invoking afterPropertiesSet() on bean with name '(inner bean)#439dafbf'
[D][21:04:18]Looking for controller advice: WebApplicationContext for namespace 'spring-servlet': startup date [Tue Nov 10 21:04:11 CST 2015]; parent: Root WebApplicationContext
[D][21:04:18]Returning eagerly cached instance of singleton bean 'mvcUriComponentsContributor' that is not fully initialized yet - a consequence of a circular reference
[D][21:04:18]Finished creating instance of bean '(inner bean)#439dafbf'
[D][21:04:18]Returning cached instance of singleton bean 'org.springframework.format.support.FormattingConversionServiceFactoryBean#0'
[D][21:04:18]Invoking afterPropertiesSet() on bean with name 'mvcUriComponentsContributor'
[D][21:04:18]Finished creating instance of bean 'mvcUriComponentsContributor'
[D][21:04:18]Returning cached instance of singleton bean 'org.springframework.web.servlet.handler.MappedInterceptor#0'
[D][21:04:18]Creating shared instance of singleton bean 'org.springframework.web.servlet.mvc.method.annotation.ExceptionHandlerExceptionResolver#0'
[D][21:04:18]Creating instance of bean 'org.springframework.web.servlet.mvc.method.annotation.ExceptionHandlerExceptionResolver#0'
[D][21:04:18]Eagerly caching bean 'org.springframework.web.servlet.mvc.method.annotation.ExceptionHandlerExceptionResolver#0' to allow for resolving potential circular references
[D][21:04:18]Returning cached instance of singleton bean 'mvcContentNegotiationManager'
[D][21:04:18]Creating instance of bean '(inner bean)#232b122e#2'
[D][21:04:18]Finished creating instance of bean '(inner bean)#232b122e#2'
[D][21:04:18]Creating instance of bean '(inner bean)#1580dd38#2'
[D][21:04:18]Finished creating instance of bean '(inner bean)#1580dd38#2'
[D][21:04:18]Creating instance of bean '(inner bean)#73e8d44c#2'
[D][21:04:18]Finished creating instance of bean '(inner bean)#73e8d44c#2'
[D][21:04:18]Creating instance of bean '(inner bean)#6092ae14#2'
[D][21:04:18]Finished creating instance of bean '(inner bean)#6092ae14#2'
[D][21:04:18]Creating instance of bean '(inner bean)#49c1c5e4#2'
[D][21:04:18]Finished creating instance of bean '(inner bean)#49c1c5e4#2'
[D][21:04:18]Creating instance of bean '(inner bean)#7e029b47#2'
[D][21:04:18]Finished creating instance of bean '(inner bean)#7e029b47#2'
[D][21:04:18]Invoking afterPropertiesSet() on bean with name 'org.springframework.web.servlet.mvc.method.annotation.ExceptionHandlerExceptionResolver#0'
[D][21:04:18]Looking for exception mappings: WebApplicationContext for namespace 'spring-servlet': startup date [Tue Nov 10 21:04:11 CST 2015]; parent: Root WebApplicationContext
[D][21:04:18]Finished creating instance of bean 'org.springframework.web.servlet.mvc.method.annotation.ExceptionHandlerExceptionResolver#0'
[D][21:04:18]Creating shared instance of singleton bean 'org.springframework.web.servlet.mvc.annotation.ResponseStatusExceptionResolver#0'
[D][21:04:18]Creating instance of bean 'org.springframework.web.servlet.mvc.annotation.ResponseStatusExceptionResolver#0'
[D][21:04:18]Eagerly caching bean 'org.springframework.web.servlet.mvc.annotation.ResponseStatusExceptionResolver#0' to allow for resolving potential circular references
[D][21:04:18]Finished creating instance of bean 'org.springframework.web.servlet.mvc.annotation.ResponseStatusExceptionResolver#0'
[D][21:04:18]Creating shared instance of singleton bean 'org.springframework.web.servlet.mvc.support.DefaultHandlerExceptionResolver#0'
[D][21:04:18]Creating instance of bean 'org.springframework.web.servlet.mvc.support.DefaultHandlerExceptionResolver#0'
[D][21:04:18]Eagerly caching bean 'org.springframework.web.servlet.mvc.support.DefaultHandlerExceptionResolver#0' to allow for resolving potential circular references
[D][21:04:18]Finished creating instance of bean 'org.springframework.web.servlet.mvc.support.DefaultHandlerExceptionResolver#0'
[D][21:04:18]Creating shared instance of singleton bean 'org.springframework.web.servlet.handler.BeanNameUrlHandlerMapping'
[D][21:04:18]Creating instance of bean 'org.springframework.web.servlet.handler.BeanNameUrlHandlerMapping'
[D][21:04:18]Eagerly caching bean 'org.springframework.web.servlet.handler.BeanNameUrlHandlerMapping' to allow for resolving potential circular references
[D][21:04:18]Returning cached instance of singleton bean 'org.springframework.web.servlet.handler.MappedInterceptor#0'
[D][21:04:18]Looking for URL mappings in application context: WebApplicationContext for namespace 'spring-servlet': startup date [Tue Nov 10 21:04:11 CST 2015]; parent: Root WebApplicationContext
[D][21:04:18]Rejected bean name 'org.springframework.context.annotation.internalConfigurationAnnotationProcessor': no URL paths identified
[D][21:04:18]Rejected bean name 'org.springframework.context.annotation.internalAutowiredAnnotationProcessor': no URL paths identified
[D][21:04:18]Rejected bean name 'org.springframework.context.annotation.internalRequiredAnnotationProcessor': no URL paths identified
[D][21:04:18]Rejected bean name 'org.springframework.context.annotation.internalCommonAnnotationProcessor': no URL paths identified
[D][21:04:18]Rejected bean name 'indexAction': no URL paths identified
[D][21:04:18]Rejected bean name 'loginAction': no URL paths identified
[D][21:04:18]Rejected bean name 'repairsServiceImpl': no URL paths identified
[D][21:04:18]Rejected bean name 'ugroupServiceImpl': no URL paths identified
[D][21:04:18]Rejected bean name 'userServiceImpl': no URL paths identified
[D][21:04:18]Rejected bean name 'mvcContentNegotiationManager': no URL paths identified
[D][21:04:18]Rejected bean name 'org.springframework.web.servlet.mvc.method.annotation.RequestMappingHandlerMapping#0': no URL paths identified
[D][21:04:18]Rejected bean name 'org.springframework.format.support.FormattingConversionServiceFactoryBean#0': no URL paths identified
[D][21:04:18]Rejected bean name 'org.springframework.web.servlet.mvc.method.annotation.RequestMappingHandlerAdapter#0': no URL paths identified
[D][21:04:18]Rejected bean name 'mvcUriComponentsContributor': no URL paths identified
[D][21:04:18]Rejected bean name 'org.springframework.web.servlet.handler.MappedInterceptor#0': no URL paths identified
[D][21:04:18]Rejected bean name 'org.springframework.web.servlet.mvc.method.annotation.ExceptionHandlerExceptionResolver#0': no URL paths identified
[D][21:04:18]Rejected bean name 'org.springframework.web.servlet.mvc.annotation.ResponseStatusExceptionResolver#0': no URL paths identified
[D][21:04:18]Rejected bean name 'org.springframework.web.servlet.mvc.support.DefaultHandlerExceptionResolver#0': no URL paths identified
[D][21:04:18]Rejected bean name 'org.springframework.web.servlet.handler.BeanNameUrlHandlerMapping': no URL paths identified
[D][21:04:18]Rejected bean name 'org.springframework.web.servlet.mvc.HttpRequestHandlerAdapter': no URL paths identified
[D][21:04:18]Rejected bean name 'org.springframework.web.servlet.mvc.SimpleControllerHandlerAdapter': no URL paths identified
[D][21:04:18]Rejected bean name 'viewResolver': no URL paths identified
[D][21:04:18]Rejected bean name 'multipartResolver': no URL paths identified
[D][21:04:18]Rejected bean name 'org.springframework.context.annotation.ConfigurationClassPostProcessor.importAwareProcessor': no URL paths identified
[D][21:04:18]Rejected bean name 'org.springframework.context.annotation.ConfigurationClassPostProcessor.enhancedConfigurationProcessor': no URL paths identified
[D][21:04:18]Rejected bean name 'environment': no URL paths identified
[D][21:04:18]Rejected bean name 'systemProperties': no URL paths identified
[D][21:04:18]Rejected bean name 'systemEnvironment': no URL paths identified
[D][21:04:18]Rejected bean name 'servletConfig': no URL paths identified
[D][21:04:18]Rejected bean name 'org.springframework.context.annotation.ConfigurationClassPostProcessor.importRegistry': no URL paths identified
[D][21:04:18]Rejected bean name 'messageSource': no URL paths identified
[D][21:04:18]Rejected bean name 'applicationEventMulticaster': no URL paths identified
[D][21:04:18]Finished creating instance of bean 'org.springframework.web.servlet.handler.BeanNameUrlHandlerMapping'
[D][21:04:18]Creating shared instance of singleton bean 'org.springframework.web.servlet.mvc.HttpRequestHandlerAdapter'
[D][21:04:18]Creating instance of bean 'org.springframework.web.servlet.mvc.HttpRequestHandlerAdapter'
[D][21:04:18]Eagerly caching bean 'org.springframework.web.servlet.mvc.HttpRequestHandlerAdapter' to allow for resolving potential circular references
[D][21:04:18]Finished creating instance of bean 'org.springframework.web.servlet.mvc.HttpRequestHandlerAdapter'
[D][21:04:18]Creating shared instance of singleton bean 'org.springframework.web.servlet.mvc.SimpleControllerHandlerAdapter'
[D][21:04:18]Creating instance of bean 'org.springframework.web.servlet.mvc.SimpleControllerHandlerAdapter'
[D][21:04:18]Eagerly caching bean 'org.springframework.web.servlet.mvc.SimpleControllerHandlerAdapter' to allow for resolving potential circular references
[D][21:04:18]Finished creating instance of bean 'org.springframework.web.servlet.mvc.SimpleControllerHandlerAdapter'
[D][21:04:18]Creating shared instance of singleton bean 'viewResolver'
[D][21:04:18]Creating instance of bean 'viewResolver'
[D][21:04:18]Eagerly caching bean 'viewResolver' to allow for resolving potential circular references
[D][21:04:18]Finished creating instance of bean 'viewResolver'
[D][21:04:18]Creating shared instance of singleton bean 'multipartResolver'
[D][21:04:18]Creating instance of bean 'multipartResolver'
[D][21:04:18]Eagerly caching bean 'multipartResolver' to allow for resolving potential circular references
[D][21:04:18]Finished creating instance of bean 'multipartResolver'
[D][21:04:18]Returning cached instance of singleton bean 'org.springframework.context.annotation.ConfigurationClassPostProcessor.importAwareProcessor'
[D][21:04:18]Returning cached instance of singleton bean 'org.springframework.context.annotation.ConfigurationClassPostProcessor.enhancedConfigurationProcessor'
[D][21:04:18]Unable to locate LifecycleProcessor with name 'lifecycleProcessor': using default [org.springframework.context.support.DefaultLifecycleProcessor@3546183f]
[D][21:04:18]Returning cached instance of singleton bean 'lifecycleProcessor'
[D][21:04:18]Returning cached instance of singleton bean 'multipartResolver'
[D][21:04:18]Using MultipartResolver [org.springframework.web.multipart.commons.CommonsMultipartResolver@56a12897]
[D][21:04:18]Creating instance of bean 'org.springframework.web.servlet.i18n.AcceptHeaderLocaleResolver'
[D][21:04:18]Finished creating instance of bean 'org.springframework.web.servlet.i18n.AcceptHeaderLocaleResolver'
[D][21:04:18]Unable to locate LocaleResolver with name 'localeResolver': using default [org.springframework.web.servlet.i18n.AcceptHeaderLocaleResolver@1a67610f]
[D][21:04:18]Creating instance of bean 'org.springframework.web.servlet.theme.FixedThemeResolver'
[D][21:04:18]Finished creating instance of bean 'org.springframework.web.servlet.theme.FixedThemeResolver'
[D][21:04:18]Unable to locate ThemeResolver with name 'themeResolver': using default [org.springframework.web.servlet.theme.FixedThemeResolver@57796b72]
[D][21:04:18]Returning cached instance of singleton bean 'org.springframework.web.servlet.mvc.method.annotation.RequestMappingHandlerMapping#0'
[D][21:04:18]Returning cached instance of singleton bean 'org.springframework.web.servlet.handler.BeanNameUrlHandlerMapping'
[D][21:04:18]Returning cached instance of singleton bean 'org.springframework.web.servlet.mvc.method.annotation.RequestMappingHandlerAdapter#0'
[D][21:04:18]Returning cached instance of singleton bean 'org.springframework.web.servlet.mvc.HttpRequestHandlerAdapter'
[D][21:04:18]Returning cached instance of singleton bean 'org.springframework.web.servlet.mvc.SimpleControllerHandlerAdapter'
[D][21:04:18]Returning cached instance of singleton bean 'org.springframework.web.servlet.mvc.method.annotation.ExceptionHandlerExceptionResolver#0'
[D][21:04:18]Returning cached instance of singleton bean 'org.springframework.web.servlet.mvc.annotation.ResponseStatusExceptionResolver#0'
[D][21:04:18]Returning cached instance of singleton bean 'org.springframework.web.servlet.mvc.support.DefaultHandlerExceptionResolver#0'
[D][21:04:18]Creating instance of bean 'org.springframework.web.servlet.view.DefaultRequestToViewNameTranslator'
[D][21:04:18]Finished creating instance of bean 'org.springframework.web.servlet.view.DefaultRequestToViewNameTranslator'
[D][21:04:18]Unable to locate RequestToViewNameTranslator with name 'viewNameTranslator': using default [org.springframework.web.servlet.view.DefaultRequestToViewNameTranslator@46ee8613]
[D][21:04:18]Returning cached instance of singleton bean 'viewResolver'
[D][21:04:18]Creating instance of bean 'org.springframework.web.servlet.support.SessionFlashMapManager'
[D][21:04:18]Finished creating instance of bean 'org.springframework.web.servlet.support.SessionFlashMapManager'
[D][21:04:18]Unable to locate FlashMapManager with name 'flashMapManager': using default [org.springframework.web.servlet.support.SessionFlashMapManager@6e46f439]
[D][21:04:18]Searching for key 'spring.liveBeansView.mbeanDomain' in [servletConfigInitParams]
[D][21:04:18]Searching for key 'spring.liveBeansView.mbeanDomain' in [servletContextInitParams]
[D][21:04:18]Searching for key 'spring.liveBeansView.mbeanDomain' in [jndiProperties]
[D][21:04:18]Looking up JNDI object with name [java:comp/env/spring.liveBeansView.mbeanDomain]
[D][21:04:18]Converted JNDI name [java:comp/env/spring.liveBeansView.mbeanDomain] not found - trying original name [spring.liveBeansView.mbeanDomain]. javax.naming.NoInitialContextException: Need to specify class name in environment or system property, or as an applet parameter, or in an application resource file:  java.naming.factory.initial
[D][21:04:18]Looking up JNDI object with name [spring.liveBeansView.mbeanDomain]
[D][21:04:18]JNDI lookup for name [spring.liveBeansView.mbeanDomain] threw NamingException with message: Need to specify class name in environment or system property, or as an applet parameter, or in an application resource file:  java.naming.factory.initial. Returning null.
[D][21:04:18]Searching for key 'spring.liveBeansView.mbeanDomain' in [systemProperties]
[D][21:04:18]Searching for key 'spring.liveBeansView.mbeanDomain' in [systemEnvironment]
[D][21:04:18]Could not find key 'spring.liveBeansView.mbeanDomain' in any property source. Returning [null]
[D][21:04:18]Published WebApplicationContext of servlet 'spring' as ServletContext attribute with name [org.springframework.web.servlet.FrameworkServlet.CONTEXT.spring]
[D][21:04:18]FrameworkServlet 'spring': initialization completed in 7011 ms
[D][21:04:18]Servlet 'spring' configured successfully
[D][21:04:18]DispatcherServlet with name 'spring' processing GET request for [/login.html]
[D][21:04:18]Looking up handler method for path /login.html
[D][21:04:18]Returning handler method [public org.springframework.web.servlet.ModelAndView com.ttrh.repairs.control.LoginAction.login(org.springframework.ui.Model)]
[D][21:04:18]Returning cached instance of singleton bean 'loginAction'
[D][21:04:18]Last-Modified value for [/login.html] is: -1
[D][21:04:24]Invoking afterPropertiesSet() on bean with name 'login'
[D][21:04:24]Rendering view [org.springframework.web.servlet.view.JstlView: name 'login'; URL [/WEB-INF/views/login.jsp]] in DispatcherServlet with name 'spring'
[D][21:04:24]Forwarding to resource [/WEB-INF/views/login.jsp] in InternalResourceView 'login'
[D][21:04:29]Successfully completed request
[D][21:04:29]Returning cached instance of singleton bean 'sqlSessionFactory'
