[I][22:06:13]Root WebApplicationContext: initialization started
[I][22:06:13]Refreshing Root WebApplicationContext: startup date [Mon Nov 09 22:06:13 CST 2015]; root of context hierarchy
[I][22:06:13]Loading XML bean definitions from class path resource [spring-mybatis.xml]
[I][22:06:16]Loading properties file from class path resource [db.properties]
[I][22:06:20]Root WebApplicationContext: initialization completed in 7861 ms
[I][22:07:14]Root WebApplicationContext: initialization started
[I][22:07:15]Refreshing Root WebApplicationContext: startup date [Mon Nov 09 22:07:15 CST 2015]; root of context hierarchy
[I][22:07:15]Loading XML bean definitions from class path resource [spring-mybatis.xml]
[I][22:07:16]Loading properties file from class path resource [db.properties]
[I][22:07:17]Root WebApplicationContext: initialization completed in 3068 ms
[I][22:07:23]FrameworkServlet 'spring': initialization started
[I][22:07:23]Refreshing WebApplicationContext for namespace 'spring-servlet': startup date [Mon Nov 09 22:07:23 CST 2015]; parent: Root WebApplicationContext
[I][22:07:23]Loading XML bean definitions from class path resource [context-dispatcher.xml]
[I][22:07:27]Mapped "{[/index/index.html],methods=[],params=[],headers=[],consumes=[],produces=[],custom=[]}" onto public org.springframework.web.servlet.ModelAndView com.ttrh.repairs.control.IndexAction.index(org.springframework.ui.Model)
[I][22:07:27]Mapped "{[/login/login.html],methods=[],params=[],headers=[],consumes=[],produces=[],custom=[]}" onto public org.springframework.web.servlet.ModelAndView com.ttrh.repairs.control.LoginAction.index(org.springframework.ui.Model)
[I][22:07:27]Context initialization failed
org.springframework.beans.factory.BeanCreationException: Error creating bean with name 'org.springframework.web.servlet.mvc.method.annotation.RequestMappingHandlerMapping#0': Invocation of init method failed; nested exception is java.lang.IllegalStateException: Ambiguous mapping found. Cannot map 'loginAction' bean method 
public java.lang.String com.ttrh.repairs.control.LoginAction.login(java.lang.String,java.lang.String)
to {[/login/login.html],methods=[],params=[],headers=[],consumes=[],produces=[],custom=[]}: There is already 'loginAction' bean method
public org.springframework.web.servlet.ModelAndView com.ttrh.repairs.control.LoginAction.index(org.springframework.ui.Model) mapped.
	at org.springframework.beans.factory.support.AbstractAutowireCapableBeanFactory.initializeBean(AbstractAutowireCapableBeanFactory.java:1553)
	at org.springframework.beans.factory.support.AbstractAutowireCapableBeanFactory.doCreateBean(AbstractAutowireCapableBeanFactory.java:539)
	at org.springframework.beans.factory.support.AbstractAutowireCapableBeanFactory.createBean(AbstractAutowireCapableBeanFactory.java:475)
	at org.springframework.beans.factory.support.AbstractBeanFactory$1.getObject(AbstractBeanFactory.java:304)
	at org.springframework.beans.factory.support.DefaultSingletonBeanRegistry.getSingleton(DefaultSingletonBeanRegistry.java:228)
	at org.springframework.beans.factory.support.AbstractBeanFactory.doGetBean(AbstractBeanFactory.java:300)
	at org.springframework.beans.factory.support.AbstractBeanFactory.getBean(AbstractBeanFactory.java:195)
	at org.springframework.beans.factory.support.DefaultListableBeanFactory.preInstantiateSingletons(DefaultListableBeanFactory.java:703)
	at org.springframework.context.support.AbstractApplicationContext.finishBeanFactoryInitialization(AbstractApplicationContext.java:760)
	at org.springframework.context.support.AbstractApplicationContext.refresh(AbstractApplicationContext.java:482)
	at org.springframework.web.servlet.FrameworkServlet.configureAndRefreshWebApplicationContext(FrameworkServlet.java:658)
	at org.springframework.web.servlet.FrameworkServlet.createWebApplicationContext(FrameworkServlet.java:624)
	at org.springframework.web.servlet.FrameworkServlet.createWebApplicationContext(FrameworkServlet.java:672)
	at org.springframework.web.servlet.FrameworkServlet.initWebApplicationContext(FrameworkServlet.java:543)
	at org.springframework.web.servlet.FrameworkServlet.initServletBean(FrameworkServlet.java:484)
	at org.springframework.web.servlet.HttpServletBean.init(HttpServletBean.java:136)
	at javax.servlet.GenericServlet.init(GenericServlet.java:244)
	at org.eclipse.jetty.servlet.ServletHolder.initServlet(ServletHolder.java:532)
	at org.eclipse.jetty.servlet.ServletHolder.getServlet(ServletHolder.java:415)
	at org.eclipse.jetty.servlet.ServletHolder.handle(ServletHolder.java:657)
	at org.eclipse.jetty.servlet.ServletHandler.doHandle(ServletHandler.java:501)
	at org.eclipse.jetty.server.handler.ScopedHandler.handle(ScopedHandler.java:137)
	at org.eclipse.jetty.security.SecurityHandler.handle(SecurityHandler.java:575)
	at org.eclipse.jetty.server.session.SessionHandler.doHandle(SessionHandler.java:231)
	at org.eclipse.jetty.server.handler.ContextHandler.doHandle(ContextHandler.java:1086)
	at org.eclipse.jetty.servlet.ServletHandler.doScope(ServletHandler.java:428)
	at org.eclipse.jetty.server.session.SessionHandler.doScope(SessionHandler.java:193)
	at org.eclipse.jetty.server.handler.ContextHandler.doScope(ContextHandler.java:1020)
	at org.eclipse.jetty.server.handler.ScopedHandler.handle(ScopedHandler.java:135)
	at org.eclipse.jetty.server.Dispatcher.forward(Dispatcher.java:276)
	at org.eclipse.jetty.server.Dispatcher.forward(Dispatcher.java:103)
	at org.eclipse.jetty.servlet.DefaultServlet.doGet(DefaultServlet.java:572)
	at javax.servlet.http.HttpServlet.service(HttpServlet.java:735)
	at javax.servlet.http.HttpServlet.service(HttpServlet.java:848)
	at org.eclipse.jetty.servlet.ServletHolder.handle(ServletHolder.java:684)
	at org.eclipse.jetty.servlet.ServletHandler$CachedChain.doFilter(ServletHandler.java:1496)
	at org.springframework.web.filter.CharacterEncodingFilter.doFilterInternal(CharacterEncodingFilter.java:88)
	at org.springframework.web.filter.OncePerRequestFilter.doFilter(OncePerRequestFilter.java:108)
	at org.eclipse.jetty.servlet.ServletHandler$CachedChain.doFilter(ServletHandler.java:1476)
	at org.eclipse.jetty.servlet.ServletHandler.doHandle(ServletHandler.java:499)
	at org.eclipse.jetty.server.handler.ScopedHandler.handle(ScopedHandler.java:137)
	at org.eclipse.jetty.security.SecurityHandler.handle(SecurityHandler.java:557)
	at org.eclipse.jetty.server.session.SessionHandler.doHandle(SessionHandler.java:231)
	at org.eclipse.jetty.server.handler.ContextHandler.doHandle(ContextHandler.java:1086)
	at org.eclipse.jetty.servlet.ServletHandler.doScope(ServletHandler.java:428)
	at org.eclipse.jetty.server.session.SessionHandler.doScope(SessionHandler.java:193)
	at org.eclipse.jetty.server.handler.ContextHandler.doScope(ContextHandler.java:1020)
	at org.eclipse.jetty.server.handler.ScopedHandler.handle(ScopedHandler.java:135)
	at org.eclipse.jetty.server.handler.HandlerWrapper.handle(HandlerWrapper.java:116)
	at org.eclipse.jetty.server.Server.handle(Server.java:370)
	at org.eclipse.jetty.server.AbstractHttpConnection.handleRequest(AbstractHttpConnection.java:494)
	at org.eclipse.jetty.server.AbstractHttpConnection.headerComplete(AbstractHttpConnection.java:971)
	at org.eclipse.jetty.server.AbstractHttpConnection$RequestHandler.headerComplete(AbstractHttpConnection.java:1033)
	at org.eclipse.jetty.http.HttpParser.parseNext(HttpParser.java:644)
	at org.eclipse.jetty.http.HttpParser.parseAvailable(HttpParser.java:235)
	at org.eclipse.jetty.server.AsyncHttpConnection.handle(AsyncHttpConnection.java:82)
	at org.eclipse.jetty.io.nio.SelectChannelEndPoint.handle(SelectChannelEndPoint.java:667)
	at org.eclipse.jetty.io.nio.SelectChannelEndPoint$1.run(SelectChannelEndPoint.java:52)
	at org.eclipse.jetty.util.thread.QueuedThreadPool.runJob(QueuedThreadPool.java:608)
	at org.eclipse.jetty.util.thread.QueuedThreadPool$3.run(QueuedThreadPool.java:543)
	at java.lang.Thread.run(Thread.java:745)
Caused by: java.lang.IllegalStateException: Ambiguous mapping found. Cannot map 'loginAction' bean method 
public java.lang.String com.ttrh.repairs.control.LoginAction.login(java.lang.String,java.lang.String)
to {[/login/login.html],methods=[],params=[],headers=[],consumes=[],produces=[],custom=[]}: There is already 'loginAction' bean method
public org.springframework.web.servlet.ModelAndView com.ttrh.repairs.control.LoginAction.index(org.springframework.ui.Model) mapped.
	at org.springframework.web.servlet.handler.AbstractHandlerMethodMapping.registerHandlerMethod(AbstractHandlerMethodMapping.java:192)
	at org.springframework.web.servlet.handler.AbstractHandlerMethodMapping.detectHandlerMethods(AbstractHandlerMethodMapping.java:164)
	at org.springframework.web.servlet.handler.AbstractHandlerMethodMapping.initHandlerMethods(AbstractHandlerMethodMapping.java:124)
	at org.springframework.web.servlet.handler.AbstractHandlerMethodMapping.afterPropertiesSet(AbstractHandlerMethodMapping.java:103)
	at org.springframework.web.servlet.mvc.method.annotation.RequestMappingHandlerMapping.afterPropertiesSet(RequestMappingHandlerMapping.java:126)
	at org.springframework.beans.factory.support.AbstractAutowireCapableBeanFactory.invokeInitMethods(AbstractAutowireCapableBeanFactory.java:1612)
	at org.springframework.beans.factory.support.AbstractAutowireCapableBeanFactory.initializeBean(AbstractAutowireCapableBeanFactory.java:1549)
	... 60 more
[I][22:08:31]Root WebApplicationContext: initialization started
[I][22:08:31]Refreshing Root WebApplicationContext: startup date [Mon Nov 09 22:08:31 CST 2015]; root of context hierarchy
[I][22:08:31]Loading XML bean definitions from class path resource [spring-mybatis.xml]
[I][22:08:32]Loading properties file from class path resource [db.properties]
[I][22:08:34]Root WebApplicationContext: initialization completed in 2833 ms
[I][22:08:38]FrameworkServlet 'spring': initialization started
[I][22:08:38]Refreshing WebApplicationContext for namespace 'spring-servlet': startup date [Mon Nov 09 22:08:38 CST 2015]; parent: Root WebApplicationContext
[I][22:08:38]Loading XML bean definitions from class path resource [context-dispatcher.xml]
[I][22:08:42]Mapped "{[/index/index.html],methods=[],params=[],headers=[],consumes=[],produces=[],custom=[]}" onto public org.springframework.web.servlet.ModelAndView com.ttrh.repairs.control.IndexAction.index(org.springframework.ui.Model)
[I][22:08:42]Mapped "{[/login/login.html],methods=[],params=[],headers=[],consumes=[],produces=[],custom=[]}" onto public java.lang.String com.ttrh.repairs.control.LoginAction.login(java.lang.String,java.lang.String)
[I][22:11:52]Root WebApplicationContext: initialization started
[I][22:11:52]Refreshing Root WebApplicationContext: startup date [Mon Nov 09 22:11:52 CST 2015]; root of context hierarchy
[I][22:11:52]Loading XML bean definitions from class path resource [spring-mybatis.xml]
[I][22:11:54]Loading properties file from class path resource [db.properties]
[I][22:11:55]Root WebApplicationContext: initialization completed in 2829 ms
[I][22:11:58]FrameworkServlet 'spring': initialization started
[I][22:11:58]Refreshing WebApplicationContext for namespace 'spring-servlet': startup date [Mon Nov 09 22:11:58 CST 2015]; parent: Root WebApplicationContext
[I][22:11:58]Loading XML bean definitions from class path resource [context-dispatcher.xml]
[I][22:12:04]Mapped "{[/views/indexview/index.html],methods=[],params=[],headers=[],consumes=[],produces=[],custom=[]}" onto public org.springframework.web.servlet.ModelAndView com.ttrh.repairs.control.IndexAction.index(org.springframework.ui.Model)
[I][22:12:04]Mapped "{[//login.html],methods=[],params=[],headers=[],consumes=[],produces=[],custom=[]}" onto public java.lang.String com.ttrh.repairs.control.LoginAction.login(java.lang.String,java.lang.String)
[I][22:20:07]Root WebApplicationContext: initialization started
[I][22:20:07]Refreshing Root WebApplicationContext: startup date [Mon Nov 09 22:20:07 CST 2015]; root of context hierarchy
[I][22:20:07]Loading XML bean definitions from class path resource [spring-mybatis.xml]
[I][22:20:09]Loading properties file from class path resource [db.properties]
[I][22:20:13]Root WebApplicationContext: initialization completed in 5825 ms
[I][22:21:08]Root WebApplicationContext: initialization started
[I][22:21:09]Refreshing Root WebApplicationContext: startup date [Mon Nov 09 22:21:09 CST 2015]; root of context hierarchy
[I][22:21:09]Loading XML bean definitions from class path resource [spring-mybatis.xml]
[I][22:21:10]Loading properties file from class path resource [db.properties]
[I][22:21:12]Root WebApplicationContext: initialization completed in 4192 ms
[I][22:21:21]FrameworkServlet 'spring': initialization started
[I][22:21:21]Refreshing WebApplicationContext for namespace 'spring-servlet': startup date [Mon Nov 09 22:21:21 CST 2015]; parent: Root WebApplicationContext
[I][22:21:21]Loading XML bean definitions from class path resource [context-dispatcher.xml]
[I][22:21:29]Mapped "{[/views/indexview/index.html],methods=[],params=[],headers=[],consumes=[],produces=[],custom=[]}" onto public org.springframework.web.servlet.ModelAndView com.ttrh.repairs.control.IndexAction.index(org.springframework.ui.Model)
[I][22:21:29]Mapped "{[//login.html],methods=[],params=[],headers=[],consumes=[],produces=[],custom=[]}" onto public java.lang.String com.ttrh.repairs.control.LoginAction.login(java.lang.String,java.lang.String)
[I][22:21:30]FrameworkServlet 'spring': initialization completed in 9027 ms
[I][22:25:08]Root WebApplicationContext: initialization started
[I][22:25:08]Refreshing Root WebApplicationContext: startup date [Mon Nov 09 22:25:08 CST 2015]; root of context hierarchy
[I][22:25:08]Loading XML bean definitions from class path resource [spring-mybatis.xml]
[I][22:25:09]Loading properties file from class path resource [db.properties]
[I][22:25:11]Root WebApplicationContext: initialization completed in 3063 ms
[I][22:25:27]FrameworkServlet 'spring': initialization started
[I][22:25:27]Refreshing WebApplicationContext for namespace 'spring-servlet': startup date [Mon Nov 09 22:25:27 CST 2015]; parent: Root WebApplicationContext
[I][22:25:27]Loading XML bean definitions from class path resource [context-dispatcher.xml]
[I][22:25:30]Mapped "{[/views/indexview/index.html],methods=[],params=[],headers=[],consumes=[],produces=[],custom=[]}" onto public org.springframework.web.servlet.ModelAndView com.ttrh.repairs.control.IndexAction.index(org.springframework.ui.Model)
[I][22:25:30]Mapped "{[//login.html],methods=[],params=[],headers=[],consumes=[],produces=[],custom=[]}" onto public java.lang.String com.ttrh.repairs.control.LoginAction.login(java.lang.String,java.lang.String)
[I][22:25:31]FrameworkServlet 'spring': initialization completed in 4187 ms
[I][22:25:31]No mapping found for HTTP request with URI [/ttrh_repairs_manager/login.html] in DispatcherServlet with name 'spring'
[I][22:25:45]No mapping found for HTTP request with URI [/ttrh_repairs_manager//login.html] in DispatcherServlet with name 'spring'
[I][22:27:44]Root WebApplicationContext: initialization started
[I][22:27:44]Refreshing Root WebApplicationContext: startup date [Mon Nov 09 22:27:44 CST 2015]; root of context hierarchy
[I][22:27:44]Loading XML bean definitions from class path resource [spring-mybatis.xml]
[I][22:27:46]Loading properties file from class path resource [db.properties]
[I][22:27:47]Root WebApplicationContext: initialization completed in 3189 ms
[I][22:27:54]FrameworkServlet 'spring': initialization started
[I][22:27:54]Refreshing WebApplicationContext for namespace 'spring-servlet': startup date [Mon Nov 09 22:27:54 CST 2015]; parent: Root WebApplicationContext
[I][22:27:54]Loading XML bean definitions from class path resource [context-dispatcher.xml]
[I][22:28:01]Mapped "{[/views/indexview/index.html],methods=[],params=[],headers=[],consumes=[],produces=[],custom=[]}" onto public org.springframework.web.servlet.ModelAndView com.ttrh.repairs.control.IndexAction.index(org.springframework.ui.Model)
[I][22:28:01]Mapped "{[//login.html],methods=[],params=[],headers=[],consumes=[],produces=[],custom=[]}" onto public org.springframework.web.servlet.ModelAndView com.ttrh.repairs.control.LoginAction.login(org.springframework.ui.Model)
[I][22:28:02]FrameworkServlet 'spring': initialization completed in 7995 ms
[I][22:29:31]Root WebApplicationContext: initialization started
[I][22:29:31]Refreshing Root WebApplicationContext: startup date [Mon Nov 09 22:29:31 CST 2015]; root of context hierarchy
[I][22:29:31]Loading XML bean definitions from class path resource [spring-mybatis.xml]
[I][22:29:32]Loading properties file from class path resource [db.properties]
[I][22:29:34]Root WebApplicationContext: initialization completed in 3304 ms
[I][22:29:38]FrameworkServlet 'spring': initialization started
[I][22:29:38]Refreshing WebApplicationContext for namespace 'spring-servlet': startup date [Mon Nov 09 22:29:38 CST 2015]; parent: Root WebApplicationContext
[I][22:29:38]Loading XML bean definitions from class path resource [context-dispatcher.xml]
[I][22:29:46]Mapped "{[/views/indexview/index.html],methods=[],params=[],headers=[],consumes=[],produces=[],custom=[]}" onto public org.springframework.web.servlet.ModelAndView com.ttrh.repairs.control.IndexAction.index(org.springframework.ui.Model)
[I][22:29:46]Mapped "{[//login.html],methods=[],params=[],headers=[],consumes=[],produces=[],custom=[]}" onto public org.springframework.web.servlet.ModelAndView com.ttrh.repairs.control.LoginAction.login(org.springframework.ui.Model)
[I][22:29:47]FrameworkServlet 'spring': initialization completed in 9499 ms
[I][22:32:59]Root WebApplicationContext: initialization started
[I][22:32:59]Refreshing Root WebApplicationContext: startup date [Mon Nov 09 22:32:59 CST 2015]; root of context hierarchy
[I][22:32:59]Loading XML bean definitions from class path resource [spring-mybatis.xml]
[I][22:33:00]Loading properties file from class path resource [db.properties]
[I][22:33:02]Root WebApplicationContext: initialization completed in 2768 ms
[I][22:33:05]FrameworkServlet 'spring': initialization started
[I][22:33:05]Refreshing WebApplicationContext for namespace 'spring-servlet': startup date [Mon Nov 09 22:33:05 CST 2015]; parent: Root WebApplicationContext
[I][22:33:05]Loading XML bean definitions from class path resource [context-dispatcher.xml]
[I][22:33:10]Mapped "{[/views/indexview/index.html],methods=[],params=[],headers=[],consumes=[],produces=[],custom=[]}" onto public org.springframework.web.servlet.ModelAndView com.ttrh.repairs.control.IndexAction.index(org.springframework.ui.Model)
[I][22:33:10]Mapped "{[//login.html],methods=[],params=[],headers=[],consumes=[],produces=[],custom=[]}" onto public org.springframework.web.servlet.ModelAndView com.ttrh.repairs.control.LoginAction.login(org.springframework.ui.Model)
[I][22:33:11]FrameworkServlet 'spring': initialization completed in 5870 ms
[I][22:34:39]Root WebApplicationContext: initialization started
[I][22:34:39]Refreshing Root WebApplicationContext: startup date [Mon Nov 09 22:34:39 CST 2015]; root of context hierarchy
[I][22:34:39]Loading XML bean definitions from class path resource [spring-mybatis.xml]
[I][22:34:40]Loading properties file from class path resource [db.properties]
[I][22:34:42]Root WebApplicationContext: initialization completed in 3090 ms
